This is pdfTeX, Version 3.14159265-2.6-1.40.21 (MiKTeX 20.6.29) (preloaded format=pdflatex 2020.7.28)  2 AUG 2020 23:34
entering extended mode
**./main.tex
(main.tex
LaTeX2e <2020-02-02> patch level 5
L3 programming layer <2020-06-18>
(C:\Users\Kalai\AppData\Local\Programs\MiKTeX\tex/latex/base\report.cls
Document Class: report 2019/12/20 v1.4l Standard LaTeX document class
(C:\Users\Kalai\AppData\Local\Programs\MiKTeX\tex/latex/base\size12.clo
File: size12.clo 2019/12/20 v1.4l Standard LaTeX file (size option)
)
\c@part=\count167
\c@chapter=\count168
\c@section=\count169
\c@subsection=\count170
\c@subsubsection=\count171
\c@paragraph=\count172
\c@subparagraph=\count173
\c@figure=\count174
\c@table=\count175
\abovecaptionskip=\skip47
\belowcaptionskip=\skip48
\bibindent=\dimen134
)
(C:\Users\Kalai\AppData\Local\Programs\MiKTeX\tex/latex/base\inputenc.sty
Package: inputenc 2018/08/11 v1.3c Input encoding file
\inpenc@prehook=\toks15
\inpenc@posthook=\toks16

(C:\Users\Kalai\AppData\Local\Programs\MiKTeX\tex/latex/ucs\utf8x.def
File: utf8x.def 2004/10/17 UCS: Input encoding UTF-8
))
(C:\Users\Kalai\AppData\Local\Programs\MiKTeX\tex/latex/ucs\ucs.sty
Package: ucs 2013/05/11 v2.2 UCS: Unicode input support

(C:\Users\Kalai\AppData\Local\Programs\MiKTeX\tex/latex/ucs\uni-global.def
File: uni-global.def 2013/05/13 UCS: Unicode global data
)
\uc@secondtry=\count176
\uc@combtoks=\toks17
\uc@combtoksb=\toks18
\uc@temptokena=\toks19
)
(C:\Users\Kalai\AppData\Local\Programs\MiKTeX\tex/latex/amsmath\amsmath.sty
Package: amsmath 2020/01/20 v2.17e AMS math features
\@mathmargin=\skip49

For additional information on amsmath, use the `?' option.
(C:\Users\Kalai\AppData\Local\Programs\MiKTeX\tex/latex/amsmath\amstext.sty
Package: amstext 2000/06/29 v2.01 AMS text

(C:\Users\Kalai\AppData\Local\Programs\MiKTeX\tex/latex/amsmath\amsgen.sty
File: amsgen.sty 1999/11/30 v2.0 generic functions
\@emptytoks=\toks20
\ex@=\dimen135
))
(C:\Users\Kalai\AppData\Local\Programs\MiKTeX\tex/latex/amsmath\amsbsy.sty
Package: amsbsy 1999/11/29 v1.2d Bold Symbols
\pmbraise@=\dimen136
)
(C:\Users\Kalai\AppData\Local\Programs\MiKTeX\tex/latex/amsmath\amsopn.sty
Package: amsopn 2016/03/08 v2.02 operator names
)
\inf@bad=\count177
LaTeX Info: Redefining \frac on input line 227.
\uproot@=\count178
\leftroot@=\count179
LaTeX Info: Redefining \overline on input line 389.
\classnum@=\count180
\DOTSCASE@=\count181
LaTeX Info: Redefining \ldots on input line 486.
LaTeX Info: Redefining \dots on input line 489.
LaTeX Info: Redefining \cdots on input line 610.
\Mathstrutbox@=\box45
\strutbox@=\box46
\big@size=\dimen137
LaTeX Font Info:    Redeclaring font encoding OML on input line 733.
LaTeX Font Info:    Redeclaring font encoding OMS on input line 734.
\macc@depth=\count182
\c@MaxMatrixCols=\count183
\dotsspace@=\muskip16
\c@parentequation=\count184
\dspbrk@lvl=\count185
\tag@help=\toks21
\row@=\count186
\column@=\count187
\maxfields@=\count188
\andhelp@=\toks22
\eqnshift@=\dimen138
\alignsep@=\dimen139
\tagshift@=\dimen140
\tagwidth@=\dimen141
\totwidth@=\dimen142
\lineht@=\dimen143
\@envbody=\toks23
\multlinegap=\skip50
\multlinetaggap=\skip51
\mathdisplay@stack=\toks24
LaTeX Info: Redefining \[ on input line 2859.
LaTeX Info: Redefining \] on input line 2860.
)
(C:\Users\Kalai\AppData\Local\Programs\MiKTeX\tex/latex/amsfonts\amssymb.sty
Package: amssymb 2013/01/14 v3.01 AMS font symbols

(C:\Users\Kalai\AppData\Local\Programs\MiKTeX\tex/latex/amsfonts\amsfonts.sty
Package: amsfonts 2013/01/14 v3.01 Basic AMSFonts support
\symAMSa=\mathgroup4
\symAMSb=\mathgroup5
LaTeX Font Info:    Redeclaring math symbol \hbar on input line 98.
LaTeX Font Info:    Overwriting math alphabet `\mathfrak' in version `bold'
(Font)                  U/euf/m/n --> U/euf/b/n on input line 106.
)) (C:\Users\Kalai\AppData\Local\Programs\MiKTeX\tex/latex/graphics\graphicx.st
y
Package: graphicx 2019/11/30 v1.2a Enhanced LaTeX Graphics (DPC,SPQR)

(C:\Users\Kalai\AppData\Local\Programs\MiKTeX\tex/latex/graphics\keyval.sty
Package: keyval 2014/10/28 v1.15 key=value parser (DPC)
\KV@toks@=\toks25
)
(C:\Users\Kalai\AppData\Local\Programs\MiKTeX\tex/latex/graphics\graphics.sty
Package: graphics 2019/11/30 v1.4a Standard LaTeX Graphics (DPC,SPQR)

(C:\Users\Kalai\AppData\Local\Programs\MiKTeX\tex/latex/graphics\trig.sty
Package: trig 2016/01/03 v1.10 sin cos tan (DPC)
)
(C:\Users\Kalai\AppData\Local\Programs\MiKTeX\tex/latex/graphics-cfg\graphics.c
fg
File: graphics.cfg 2016/06/04 v1.11 sample graphics configuration
)
Package graphics Info: Driver file: pdftex.def on input line 105.

(C:\Users\Kalai\AppData\Local\Programs\MiKTeX\tex/latex/graphics-def\pdftex.def
File: pdftex.def 2018/01/08 v1.0l Graphics/color driver for pdftex
))
\Gin@req@height=\dimen144
\Gin@req@width=\dimen145
)
(C:\Users\Kalai\AppData\Local\Programs\MiKTeX\tex/latex/caption\subcaption.sty
Package: subcaption 2020/01/22 v1.3d Sub-captions (AR)

(C:\Users\Kalai\AppData\Local\Programs\MiKTeX\tex/latex/caption\caption.sty
Package: caption 2020/05/30 v3.4k Customizing captions (AR)

(C:\Users\Kalai\AppData\Local\Programs\MiKTeX\tex/latex/caption\caption3.sty
Package: caption3 2020/07/20 v1.12b caption3 kernel (AR)
Package caption3 Info: TeX engine: e-TeX on input line 61.
\captionmargin=\dimen146
\captionmargin@=\dimen147
\captionwidth=\dimen148
\caption@tempdima=\dimen149
\caption@indent=\dimen150
\caption@parindent=\dimen151
\caption@hangindent=\dimen152
Package caption Info: Standard document class detected.
)
\c@caption@flags=\count189
\c@continuedfloat=\count190
)
\c@subfigure=\count191
\c@subtable=\count192
) (C:\Users\Kalai\AppData\Local\Programs\MiKTeX\tex/latex/tools\verbatim.sty
Package: verbatim 2019/11/10 v1.5r LaTeX2e package for verbatim enhancements
\every@verbatim=\toks26
\verbatim@line=\toks27
\verbatim@in@stream=\read2
)
(C:\Users\Kalai\AppData\Local\Programs\MiKTeX\tex/latex/mathtools\mathtools.sty
Package: mathtools 2020/03/24 v1.24 mathematical typesetting tools
(C:\Users\Kalai\AppData\Local\Programs\MiKTeX\tex/latex/tools\calc.sty
Package: calc 2017/05/25 v4.3 Infix arithmetic (KKT,FJ)
\calc@Acount=\count193
\calc@Bcount=\count194
\calc@Adimen=\dimen153
\calc@Bdimen=\dimen154
\calc@Askip=\skip52
\calc@Bskip=\skip53
LaTeX Info: Redefining \setlength on input line 80.
LaTeX Info: Redefining \addtolength on input line 81.
\calc@Ccount=\count195
\calc@Cskip=\skip54
)
(C:\Users\Kalai\AppData\Local\Programs\MiKTeX\tex/latex/mathtools\mhsetup.sty
Package: mhsetup 2017/03/31 v1.3 programming setup (MH)
)
LaTeX Info: Thecontrolsequence`\('isalreadyrobust on input line 130.
LaTeX Info: Thecontrolsequence`\)'isalreadyrobust on input line 130.
LaTeX Info: Thecontrolsequence`\['isalreadyrobust on input line 130.
LaTeX Info: Thecontrolsequence`\]'isalreadyrobust on input line 130.
\g_MT_multlinerow_int=\count196
\l_MT_multwidth_dim=\dimen155
\origjot=\skip55
\l_MT_shortvdotswithinadjustabove_dim=\dimen156
\l_MT_shortvdotswithinadjustbelow_dim=\dimen157
\l_MT_above_intertext_sep=\dimen158
\l_MT_below_intertext_sep=\dimen159
\l_MT_above_shortintertext_sep=\dimen160
\l_MT_below_shortintertext_sep=\dimen161
\xmathstrut@box=\box47
\xmathstrut@dim=\dimen162
) (C:\Users\Kalai\AppData\Local\Programs\MiKTeX\tex/latex/wrapfig\wrapfig.sty
\wrapoverhang=\dimen163
\WF@size=\dimen164
\c@WF@wrappedlines=\count197
\WF@box=\box48
\WF@everypar=\toks28
Package: wrapfig 2003/01/31  v 3.6
)
(C:\Users\Kalai\AppData\Local\Programs\MiKTeX\tex/latex/algorithm2e\algorithm2e
.sty
Package: algorithm2e 2017/07/18 v5.2 algorithms environments
\c@AlgoLine=\count198
 (C:\Users\Kalai\AppData\Local\Programs\MiKTeX\tex/latex/base\ifthen.sty
Package: ifthen 2014/09/29 v1.1c Standard LaTeX ifthen package (DPC)
)
\algocf@hangindent=\skip56

(C:\Users\Kalai\AppData\Local\Programs\MiKTeX\tex/latex/ifoddpage\ifoddpage.sty
Package: ifoddpage 2016/04/23 v1.1 Conditionals for odd/even page detection
\c@checkoddpage=\count199
) (C:\Users\Kalai\AppData\Local\Programs\MiKTeX\tex/latex/tools\xspace.sty
Package: xspace 2014/10/28 v1.13 Space after command names (DPC,MH)
)
(C:\Users\Kalai\AppData\Local\Programs\MiKTeX\tex/latex/relsize\relsize.sty
Package: relsize 2013/03/29 ver 4.1
)
\skiptotal=\skip57
\skiplinenumber=\skip58
\skiprule=\skip59
\skiphlne=\skip60
\skiptext=\skip61
\skiplength=\skip62
\algomargin=\skip63
\skipalgocfslide=\skip64
\algowidth=\dimen165
\inoutsize=\dimen166
\inoutindent=\dimen167
\interspacetitleruled=\dimen168
\interspacealgoruled=\dimen169
\interspacetitleboxruled=\dimen170
\algocf@ruledwidth=\skip65
\algocf@inoutbox=\box49
\algocf@inputbox=\box50
\AlCapSkip=\skip66
\AlCapHSkip=\skip67
\algoskipindent=\skip68
\algocf@nlbox=\box51
\algocf@hangingbox=\box52
\algocf@untilbox=\box53
\algocf@skipuntil=\skip69
\algocf@capbox=\box54
\algocf@lcaptionbox=\skip70
\algoheightruledefault=\skip71
\algoheightrule=\skip72
\algotitleheightruledefault=\skip73
\algotitleheightrule=\skip74
\c@algocfline=\count266
\c@algocfproc=\count267
\c@algocf=\count268
\algocf@algoframe=\box55
\algocf@algobox=\box56
)
(C:\Users\Kalai\AppData\Local\Programs\MiKTeX\tex/latex/todonotes\todonotes.sty
Package: todonotes 2019/01/24 v1.1.2 Todonotes source and documentation.
Package: todonotes 2018/11/22
(C:\Users\Kalai\AppData\Local\Programs\MiKTeX\tex/latex/xkeyval\xkeyval.sty
Package: xkeyval 2014/12/03 v2.7a package option processing (HA)

(C:\Users\Kalai\AppData\Local\Programs\MiKTeX\tex/generic/xkeyval\xkeyval.tex
(C:\Users\Kalai\AppData\Local\Programs\MiKTeX\tex/generic/xkeyval\xkvutils.tex
\XKV@toks=\toks29
\XKV@tempa@toks=\toks30
)
\XKV@depth=\count269
File: xkeyval.tex 2014/12/03 v2.7a key=value parser (HA)
)) (C:\Users\Kalai\AppData\Local\Programs\MiKTeX\tex/latex/xcolor\xcolor.sty
Package: xcolor 2016/05/11 v2.12 LaTeX color extensions (UK)

(C:\Users\Kalai\AppData\Local\Programs\MiKTeX\tex/latex/graphics-cfg\color.cfg
File: color.cfg 2016/01/02 v1.6 sample color configuration
)
Package xcolor Info: Driver file: pdftex.def on input line 225.
Package xcolor Info: Model `cmy' substituted by `cmy0' on input line 1348.
Package xcolor Info: Model `hsb' substituted by `rgb' on input line 1352.
Package xcolor Info: Model `RGB' extended on input line 1364.
Package xcolor Info: Model `HTML' substituted by `rgb' on input line 1366.
Package xcolor Info: Model `Hsb' substituted by `hsb' on input line 1367.
Package xcolor Info: Model `tHsb' substituted by `hsb' on input line 1368.
Package xcolor Info: Model `HSB' substituted by `hsb' on input line 1369.
Package xcolor Info: Model `Gray' substituted by `gray' on input line 1370.
Package xcolor Info: Model `wave' substituted by `hsb' on input line 1371.
)
(C:\Users\Kalai\AppData\Local\Programs\MiKTeX\tex/latex/pgf/frontendlayer\tikz.
sty
(C:\Users\Kalai\AppData\Local\Programs\MiKTeX\tex/latex/pgf/basiclayer\pgf.sty
(C:\Users\Kalai\AppData\Local\Programs\MiKTeX\tex/latex/pgf/utilities\pgfrcs.st
y
(C:\Users\Kalai\AppData\Local\Programs\MiKTeX\tex/generic/pgf/utilities\pgfutil
-common.tex
\pgfutil@everybye=\toks31
\pgfutil@tempdima=\dimen171
\pgfutil@tempdimb=\dimen172

(C:\Users\Kalai\AppData\Local\Programs\MiKTeX\tex/generic/pgf/utilities\pgfutil
-common-lists.tex))
(C:\Users\Kalai\AppData\Local\Programs\MiKTeX\tex/generic/pgf/utilities\pgfutil
-latex.def
\pgfutil@abb=\box57

(C:\Users\Kalai\AppData\Local\Programs\MiKTeX\tex/latex/ms\everyshi.sty
Package: everyshi 2001/05/15 v3.00 EveryShipout Package (MS)
))
(C:\Users\Kalai\AppData\Local\Programs\MiKTeX\tex/generic/pgf/utilities\pgfrcs.
code.tex
(C:\Users\Kalai\AppData\Local\Programs\MiKTeX\tex/generic/pgf\pgf.revision.tex)
Package: pgfrcs 2020/01/08 v3.1.5b (3.1.5b)
))
Package: pgf 2020/01/08 v3.1.5b (3.1.5b)

(C:\Users\Kalai\AppData\Local\Programs\MiKTeX\tex/latex/pgf/basiclayer\pgfcore.
sty
(C:\Users\Kalai\AppData\Local\Programs\MiKTeX\tex/latex/pgf/systemlayer\pgfsys.
sty
(C:\Users\Kalai\AppData\Local\Programs\MiKTeX\tex/generic/pgf/systemlayer\pgfsy
s.code.tex
Package: pgfsys 2020/01/08 v3.1.5b (3.1.5b)

(C:\Users\Kalai\AppData\Local\Programs\MiKTeX\tex/generic/pgf/utilities\pgfkeys
.code.tex
\pgfkeys@pathtoks=\toks32
\pgfkeys@temptoks=\toks33

(C:\Users\Kalai\AppData\Local\Programs\MiKTeX\tex/generic/pgf/utilities\pgfkeys
filtered.code.tex
\pgfkeys@tmptoks=\toks34
))
\pgf@x=\dimen173
\pgf@y=\dimen174
\pgf@xa=\dimen175
\pgf@ya=\dimen176
\pgf@xb=\dimen177
\pgf@yb=\dimen178
\pgf@xc=\dimen179
\pgf@yc=\dimen180
\pgf@xd=\dimen181
\pgf@yd=\dimen182
\w@pgf@writea=\write3
\r@pgf@reada=\read3
\c@pgf@counta=\count270
\c@pgf@countb=\count271
\c@pgf@countc=\count272
\c@pgf@countd=\count273
\t@pgf@toka=\toks35
\t@pgf@tokb=\toks36
\t@pgf@tokc=\toks37
\pgf@sys@id@count=\count274

(C:\Users\Kalai\AppData\Local\Programs\MiKTeX\tex/generic/pgf/systemlayer\pgf.c
fg
File: pgf.cfg 2020/01/08 v3.1.5b (3.1.5b)
)
Driver file for pgf: pgfsys-pdftex.def

(C:\Users\Kalai\AppData\Local\Programs\MiKTeX\tex/generic/pgf/systemlayer\pgfsy
s-pdftex.def
File: pgfsys-pdftex.def 2020/01/08 v3.1.5b (3.1.5b)

(C:\Users\Kalai\AppData\Local\Programs\MiKTeX\tex/generic/pgf/systemlayer\pgfsy
s-common-pdf.def
File: pgfsys-common-pdf.def 2020/01/08 v3.1.5b (3.1.5b)
)))
(C:\Users\Kalai\AppData\Local\Programs\MiKTeX\tex/generic/pgf/systemlayer\pgfsy
ssoftpath.code.tex
File: pgfsyssoftpath.code.tex 2020/01/08 v3.1.5b (3.1.5b)
\pgfsyssoftpath@smallbuffer@items=\count275
\pgfsyssoftpath@bigbuffer@items=\count276
)
(C:\Users\Kalai\AppData\Local\Programs\MiKTeX\tex/generic/pgf/systemlayer\pgfsy
sprotocol.code.tex
File: pgfsysprotocol.code.tex 2020/01/08 v3.1.5b (3.1.5b)
))
(C:\Users\Kalai\AppData\Local\Programs\MiKTeX\tex/generic/pgf/basiclayer\pgfcor
e.code.tex
Package: pgfcore 2020/01/08 v3.1.5b (3.1.5b)

(C:\Users\Kalai\AppData\Local\Programs\MiKTeX\tex/generic/pgf/math\pgfmath.code
.tex
(C:\Users\Kalai\AppData\Local\Programs\MiKTeX\tex/generic/pgf/math\pgfmathcalc.
code.tex
(C:\Users\Kalai\AppData\Local\Programs\MiKTeX\tex/generic/pgf/math\pgfmathutil.
code.tex)
(C:\Users\Kalai\AppData\Local\Programs\MiKTeX\tex/generic/pgf/math\pgfmathparse
r.code.tex
\pgfmath@dimen=\dimen183
\pgfmath@count=\count277
\pgfmath@box=\box58
\pgfmath@toks=\toks38
\pgfmath@stack@operand=\toks39
\pgfmath@stack@operation=\toks40
)
(C:\Users\Kalai\AppData\Local\Programs\MiKTeX\tex/generic/pgf/math\pgfmathfunct
ions.code.tex
(C:\Users\Kalai\AppData\Local\Programs\MiKTeX\tex/generic/pgf/math\pgfmathfunct
ions.basic.code.tex)
(C:\Users\Kalai\AppData\Local\Programs\MiKTeX\tex/generic/pgf/math\pgfmathfunct
ions.trigonometric.code.tex)
(C:\Users\Kalai\AppData\Local\Programs\MiKTeX\tex/generic/pgf/math\pgfmathfunct
ions.random.code.tex)
(C:\Users\Kalai\AppData\Local\Programs\MiKTeX\tex/generic/pgf/math\pgfmathfunct
ions.comparison.code.tex)
(C:\Users\Kalai\AppData\Local\Programs\MiKTeX\tex/generic/pgf/math\pgfmathfunct
ions.base.code.tex)
(C:\Users\Kalai\AppData\Local\Programs\MiKTeX\tex/generic/pgf/math\pgfmathfunct
ions.round.code.tex)
(C:\Users\Kalai\AppData\Local\Programs\MiKTeX\tex/generic/pgf/math\pgfmathfunct
ions.misc.code.tex)
(C:\Users\Kalai\AppData\Local\Programs\MiKTeX\tex/generic/pgf/math\pgfmathfunct
ions.integerarithmetics.code.tex)))
(C:\Users\Kalai\AppData\Local\Programs\MiKTeX\tex/generic/pgf/math\pgfmathfloat
.code.tex
\c@pgfmathroundto@lastzeros=\count278
))
(C:\Users\Kalai\AppData\Local\Programs\MiKTeX\tex/generic/pgf/math\pgfint.code.
tex)
(C:\Users\Kalai\AppData\Local\Programs\MiKTeX\tex/generic/pgf/basiclayer\pgfcor
epoints.code.tex
File: pgfcorepoints.code.tex 2020/01/08 v3.1.5b (3.1.5b)
\pgf@picminx=\dimen184
\pgf@picmaxx=\dimen185
\pgf@picminy=\dimen186
\pgf@picmaxy=\dimen187
\pgf@pathminx=\dimen188
\pgf@pathmaxx=\dimen189
\pgf@pathminy=\dimen190
\pgf@pathmaxy=\dimen191
\pgf@xx=\dimen192
\pgf@xy=\dimen193
\pgf@yx=\dimen194
\pgf@yy=\dimen195
\pgf@zx=\dimen196
\pgf@zy=\dimen197
)
(C:\Users\Kalai\AppData\Local\Programs\MiKTeX\tex/generic/pgf/basiclayer\pgfcor
epathconstruct.code.tex
File: pgfcorepathconstruct.code.tex 2020/01/08 v3.1.5b (3.1.5b)
\pgf@path@lastx=\dimen198
\pgf@path@lasty=\dimen199
)
(C:\Users\Kalai\AppData\Local\Programs\MiKTeX\tex/generic/pgf/basiclayer\pgfcor
epathusage.code.tex
File: pgfcorepathusage.code.tex 2020/01/08 v3.1.5b (3.1.5b)
\pgf@shorten@end@additional=\dimen256
\pgf@shorten@start@additional=\dimen257
)
(C:\Users\Kalai\AppData\Local\Programs\MiKTeX\tex/generic/pgf/basiclayer\pgfcor
escopes.code.tex
File: pgfcorescopes.code.tex 2020/01/08 v3.1.5b (3.1.5b)
\pgfpic=\box59
\pgf@hbox=\box60
\pgf@layerbox@main=\box61
\pgf@picture@serial@count=\count279
)
(C:\Users\Kalai\AppData\Local\Programs\MiKTeX\tex/generic/pgf/basiclayer\pgfcor
egraphicstate.code.tex
File: pgfcoregraphicstate.code.tex 2020/01/08 v3.1.5b (3.1.5b)
\pgflinewidth=\dimen258
)
(C:\Users\Kalai\AppData\Local\Programs\MiKTeX\tex/generic/pgf/basiclayer\pgfcor
etransformations.code.tex
File: pgfcoretransformations.code.tex 2020/01/08 v3.1.5b (3.1.5b)
\pgf@pt@x=\dimen259
\pgf@pt@y=\dimen260
\pgf@pt@temp=\dimen261
)
(C:\Users\Kalai\AppData\Local\Programs\MiKTeX\tex/generic/pgf/basiclayer\pgfcor
equick.code.tex
File: pgfcorequick.code.tex 2020/01/08 v3.1.5b (3.1.5b)
)
(C:\Users\Kalai\AppData\Local\Programs\MiKTeX\tex/generic/pgf/basiclayer\pgfcor
eobjects.code.tex
File: pgfcoreobjects.code.tex 2020/01/08 v3.1.5b (3.1.5b)
)
(C:\Users\Kalai\AppData\Local\Programs\MiKTeX\tex/generic/pgf/basiclayer\pgfcor
epathprocessing.code.tex
File: pgfcorepathprocessing.code.tex 2020/01/08 v3.1.5b (3.1.5b)
)
(C:\Users\Kalai\AppData\Local\Programs\MiKTeX\tex/generic/pgf/basiclayer\pgfcor
earrows.code.tex
File: pgfcorearrows.code.tex 2020/01/08 v3.1.5b (3.1.5b)
\pgfarrowsep=\dimen262
)
(C:\Users\Kalai\AppData\Local\Programs\MiKTeX\tex/generic/pgf/basiclayer\pgfcor
eshade.code.tex
File: pgfcoreshade.code.tex 2020/01/08 v3.1.5b (3.1.5b)
\pgf@max=\dimen263
\pgf@sys@shading@range@num=\count280
\pgf@shadingcount=\count281
)
(C:\Users\Kalai\AppData\Local\Programs\MiKTeX\tex/generic/pgf/basiclayer\pgfcor
eimage.code.tex
File: pgfcoreimage.code.tex 2020/01/08 v3.1.5b (3.1.5b)

(C:\Users\Kalai\AppData\Local\Programs\MiKTeX\tex/generic/pgf/basiclayer\pgfcor
eexternal.code.tex
File: pgfcoreexternal.code.tex 2020/01/08 v3.1.5b (3.1.5b)
\pgfexternal@startupbox=\box62
))
(C:\Users\Kalai\AppData\Local\Programs\MiKTeX\tex/generic/pgf/basiclayer\pgfcor
elayers.code.tex
File: pgfcorelayers.code.tex 2020/01/08 v3.1.5b (3.1.5b)
)
(C:\Users\Kalai\AppData\Local\Programs\MiKTeX\tex/generic/pgf/basiclayer\pgfcor
etransparency.code.tex
File: pgfcoretransparency.code.tex 2020/01/08 v3.1.5b (3.1.5b)
)
(C:\Users\Kalai\AppData\Local\Programs\MiKTeX\tex/generic/pgf/basiclayer\pgfcor
epatterns.code.tex
File: pgfcorepatterns.code.tex 2020/01/08 v3.1.5b (3.1.5b)
)
(C:\Users\Kalai\AppData\Local\Programs\MiKTeX\tex/generic/pgf/basiclayer\pgfcor
erdf.code.tex
File: pgfcorerdf.code.tex 2020/01/08 v3.1.5b (3.1.5b)
)))
(C:\Users\Kalai\AppData\Local\Programs\MiKTeX\tex/generic/pgf/modules\pgfmodule
shapes.code.tex
File: pgfmoduleshapes.code.tex 2020/01/08 v3.1.5b (3.1.5b)
\pgfnodeparttextbox=\box63
)
(C:\Users\Kalai\AppData\Local\Programs\MiKTeX\tex/generic/pgf/modules\pgfmodule
plot.code.tex
File: pgfmoduleplot.code.tex 2020/01/08 v3.1.5b (3.1.5b)
)
(C:\Users\Kalai\AppData\Local\Programs\MiKTeX\tex/latex/pgf/compatibility\pgfco
mp-version-0-65.sty
Package: pgfcomp-version-0-65 2020/01/08 v3.1.5b (3.1.5b)
\pgf@nodesepstart=\dimen264
\pgf@nodesepend=\dimen265
)
(C:\Users\Kalai\AppData\Local\Programs\MiKTeX\tex/latex/pgf/compatibility\pgfco
mp-version-1-18.sty
Package: pgfcomp-version-1-18 2020/01/08 v3.1.5b (3.1.5b)
))
(C:\Users\Kalai\AppData\Local\Programs\MiKTeX\tex/latex/pgf/utilities\pgffor.st
y
(C:\Users\Kalai\AppData\Local\Programs\MiKTeX\tex/latex/pgf/utilities\pgfkeys.s
ty
(C:\Users\Kalai\AppData\Local\Programs\MiKTeX\tex/generic/pgf/utilities\pgfkeys
.code.tex))
(C:\Users\Kalai\AppData\Local\Programs\MiKTeX\tex/latex/pgf/math\pgfmath.sty
(C:\Users\Kalai\AppData\Local\Programs\MiKTeX\tex/generic/pgf/math\pgfmath.code
.tex))
(C:\Users\Kalai\AppData\Local\Programs\MiKTeX\tex/generic/pgf/utilities\pgffor.
code.tex
Package: pgffor 2020/01/08 v3.1.5b (3.1.5b)

(C:\Users\Kalai\AppData\Local\Programs\MiKTeX\tex/generic/pgf/math\pgfmath.code
.tex)
\pgffor@iter=\dimen266
\pgffor@skip=\dimen267
\pgffor@stack=\toks41
\pgffor@toks=\toks42
))
(C:\Users\Kalai\AppData\Local\Programs\MiKTeX\tex/generic/pgf/frontendlayer/tik
z\tikz.code.tex
Package: tikz 2020/01/08 v3.1.5b (3.1.5b)

(C:\Users\Kalai\AppData\Local\Programs\MiKTeX\tex/generic/pgf/libraries\pgflibr
aryplothandlers.code.tex
File: pgflibraryplothandlers.code.tex 2020/01/08 v3.1.5b (3.1.5b)
\pgf@plot@mark@count=\count282
\pgfplotmarksize=\dimen268
)
\tikz@lastx=\dimen269
\tikz@lasty=\dimen270
\tikz@lastxsaved=\dimen271
\tikz@lastysaved=\dimen272
\tikz@lastmovetox=\dimen273
\tikz@lastmovetoy=\dimen274
\tikzleveldistance=\dimen275
\tikzsiblingdistance=\dimen276
\tikz@figbox=\box64
\tikz@figbox@bg=\box65
\tikz@tempbox=\box66
\tikz@tempbox@bg=\box67
\tikztreelevel=\count283
\tikznumberofchildren=\count284
\tikznumberofcurrentchild=\count285
\tikz@fig@count=\count286

(C:\Users\Kalai\AppData\Local\Programs\MiKTeX\tex/generic/pgf/modules\pgfmodule
matrix.code.tex
File: pgfmodulematrix.code.tex 2020/01/08 v3.1.5b (3.1.5b)
\pgfmatrixcurrentrow=\count287
\pgfmatrixcurrentcolumn=\count288
\pgf@matrix@numberofcolumns=\count289
)
\tikz@expandcount=\count290

(C:\Users\Kalai\AppData\Local\Programs\MiKTeX\tex/generic/pgf/frontendlayer/tik
z/libraries\tikzlibrarytopaths.code.tex
File: tikzlibrarytopaths.code.tex 2020/01/08 v3.1.5b (3.1.5b)
)))
(C:\Users\Kalai\AppData\Local\Programs\MiKTeX\tex/generic/pgf/frontendlayer/tik
z/libraries\tikzlibrarypositioning.code.tex
File: tikzlibrarypositioning.code.tex 2020/01/08 v3.1.5b (3.1.5b)
)
(C:\Users\Kalai\AppData\Local\Programs\MiKTeX\tex/generic/pgf/frontendlayer/tik
z/libraries\tikzlibraryshadows.code.tex
File: tikzlibraryshadows.code.tex 2020/01/08 v3.1.5b (3.1.5b)

(C:\Users\Kalai\AppData\Local\Programs\MiKTeX\tex/generic/pgf/frontendlayer/tik
z/libraries\tikzlibraryfadings.code.tex
File: tikzlibraryfadings.code.tex 2020/01/08 v3.1.5b (3.1.5b)

(C:\Users\Kalai\AppData\Local\Programs\MiKTeX\tex/generic/pgf/libraries\pgflibr
aryfadings.code.tex
File: pgflibraryfadings.code.tex 2020/01/08 v3.1.5b (3.1.5b)
)))
\c@@todonotes@numberoftodonotes=\count291
)
(C:\Users\Kalai\AppData\Local\Programs\MiKTeX\tex/latex/booktabs\booktabs.sty
Package: booktabs 2020/01/12 v1.61803398 Publication quality tables
\heavyrulewidth=\dimen277
\lightrulewidth=\dimen278
\cmidrulewidth=\dimen279
\belowrulesep=\dimen280
\belowbottomsep=\dimen281
\aboverulesep=\dimen282
\abovetopsep=\dimen283
\cmidrulesep=\dimen284
\cmidrulekern=\dimen285
\defaultaddspace=\dimen286
\@cmidla=\count292
\@cmidlb=\count293
\@aboverulesep=\dimen287
\@belowrulesep=\dimen288
\@thisruleclass=\count294
\@lastruleclass=\count295
\@thisrulewidth=\dimen289
)
(C:\Users\Kalai\AppData\Local\Programs\MiKTeX\tex/generic/babel\babel.sty
Package: babel 2020/06/10 3.45 The Babel package

(C:\Users\Kalai\AppData\Local\Programs\MiKTeX\tex/generic/babel\babel.def
File: babel.def 2020/06/10 3.45 Babel common definitions
\babel@savecnt=\count296
\U@D=\dimen290
\l@babelnohyphens=\language79

(C:\Users\Kalai\AppData\Local\Programs\MiKTeX\tex/generic/babel\txtbabel.def)
\bbl@readstream=\read4
)
\bbl@dirlevel=\count297

*************************************
* Local config file bblopts.cfg used
*
(C:\Users\Kalai\AppData\Local\Programs\MiKTeX\tex/latex/arabi\bblopts.cfg
File: bblopts.cfg 2005/09/08 v0.1 add Arabic and Farsi to "declared" options of
 babel
)
(C:\Users\Kalai\AppData\Local\Programs\MiKTeX\tex/latex/babel-english\UKenglish
.ldf
Language: UKenglish 2017/06/06 v3.3r English support from the babel system

(C:\Users\Kalai\AppData\Local\Programs\MiKTeX\tex/latex/babel-english\english.l
df
Language: english 2017/06/06 v3.3r English support from the babel system
Package babel Info: \l@canadian = using hyphenrules for english
(babel)             (\language0) on input line 102.
Package babel Info: \l@australian = using hyphenrules for ukenglish
(babel)             (\language73) on input line 105.
Package babel Info: \l@newzealand = using hyphenrules for ukenglish
(babel)             (\language73) on input line 108.
))) (C:\Users\Kalai\AppData\Local\Programs\MiKTeX\tex/latex/float\float.sty
Package: float 2001/11/08 v1.3d Float enhancements (AL)
\c@float@type=\count298
\float@exts=\toks43
\float@box=\box68
\@float@everytoks=\toks44
\@floatcapt=\box69
)
(C:\Users\Kalai\AppData\Local\Programs\MiKTeX\tex/latex/epstopdf-pkg\epstopdf.s
ty
Package: epstopdf 2020-01-24 v2.11 Conversion with epstopdf on the fly (HO)

(C:\Users\Kalai\AppData\Local\Programs\MiKTeX\tex/generic/infwarerr\infwarerr.s
ty
Package: infwarerr 2019/12/03 v1.5 Providing info/warning/error messages (HO)
) (C:\Users\Kalai\AppData\Local\Programs\MiKTeX\tex/latex/grfext\grfext.sty
Package: grfext 2019/12/03 v1.3 Manage graphics extensions (HO)

(C:\Users\Kalai\AppData\Local\Programs\MiKTeX\tex/generic/kvdefinekeys\kvdefine
keys.sty
Package: kvdefinekeys 2019-12-19 v1.6 Define keys (HO)
))
(C:\Users\Kalai\AppData\Local\Programs\MiKTeX\tex/latex/kvoptions\kvoptions.sty
Package: kvoptions 2019/11/29 v3.13 Key value format for package options (HO)
(C:\Users\Kalai\AppData\Local\Programs\MiKTeX\tex/generic/ltxcmds\ltxcmds.sty
Package: ltxcmds 2019/12/15 v1.24 LaTeX kernel commands for general use (HO)
)
(C:\Users\Kalai\AppData\Local\Programs\MiKTeX\tex/generic/kvsetkeys\kvsetkeys.s
ty
Package: kvsetkeys 2019/12/15 v1.18 Key value parser (HO)
))
(C:\Users\Kalai\AppData\Local\Programs\MiKTeX\tex/generic/pdftexcmds\pdftexcmds
.sty
Package: pdftexcmds 2020-06-27 v0.33 Utility functions of pdfTeX for LuaTeX (HO
)
 (C:\Users\Kalai\AppData\Local\Programs\MiKTeX\tex/generic/iftex\iftex.sty
Package: iftex 2020/03/06 v1.0d TeX engine tests
)
Package pdftexcmds Info: \pdf@primitive is available.
Package pdftexcmds Info: \pdf@ifprimitive is available.
Package pdftexcmds Info: \pdfdraftmode found.
)
(C:\Users\Kalai\AppData\Local\Programs\MiKTeX\tex/latex/epstopdf-pkg\epstopdf-b
ase.sty
Package: epstopdf-base 2020-01-24 v2.11 Base part for package epstopdf
Package epstopdf-base Info: Redefining graphics rule for `.eps' on input line 4
85.
Package grfext Info: Graphics extension search list:
(grfext)             [.pdf,.png,.jpg,.mps,.jpeg,.jbig2,.jb2,.PDF,.PNG,.JPG,.JPE
G,.JBIG2,.JB2,.eps]
(grfext)             \AppendGraphicsExtensions on input line 504.
))
(C:\Users\Kalai\AppData\Local\Programs\MiKTeX\tex/latex/hyperref\hyperref.sty
Package: hyperref 2020-05-15 v7.00e Hypertext links for LaTeX

(C:\Users\Kalai\AppData\Local\Programs\MiKTeX\tex/generic/pdfescape\pdfescape.s
ty
Package: pdfescape 2019/12/09 v1.15 Implements pdfTeX's escape features (HO)
) (C:\Users\Kalai\AppData\Local\Programs\MiKTeX\tex/latex/hycolor\hycolor.sty
Package: hycolor 2020-01-27 v1.10 Color options for hyperref/bookmark (HO)
)
(C:\Users\Kalai\AppData\Local\Programs\MiKTeX\tex/latex/letltxmacro\letltxmacro
.sty
Package: letltxmacro 2019/12/03 v1.6 Let assignment for LaTeX macros (HO)
)
(C:\Users\Kalai\AppData\Local\Programs\MiKTeX\tex/latex/auxhook\auxhook.sty
Package: auxhook 2019-12-17 v1.6 Hooks for auxiliary files (HO)
)
\@linkdim=\dimen291
\Hy@linkcounter=\count299
\Hy@pagecounter=\count300

(C:\Users\Kalai\AppData\Local\Programs\MiKTeX\tex/latex/hyperref\pd1enc.def
File: pd1enc.def 2020-05-15 v7.00e Hyperref: PDFDocEncoding definition (HO)
)
(C:\Users\Kalai\AppData\Local\Programs\MiKTeX\tex/generic/intcalc\intcalc.sty
Package: intcalc 2019/12/15 v1.3 Expandable calculations with integers (HO)
)
(C:\Users\Kalai\AppData\Local\Programs\MiKTeX\tex/generic/etexcmds\etexcmds.sty
Package: etexcmds 2019/12/15 v1.7 Avoid name clashes with e-TeX commands (HO)
)
\Hy@SavedSpaceFactor=\count301
Package hyperref Info: Hyper figures OFF on input line 4464.
Package hyperref Info: Link nesting OFF on input line 4469.
Package hyperref Info: Hyper index ON on input line 4472.
Package hyperref Info: Plain pages OFF on input line 4479.
Package hyperref Info: Backreferencing OFF on input line 4484.
Package hyperref Info: Implicit mode ON; LaTeX internals redefined.
Package hyperref Info: Bookmarks ON on input line 4717.
\c@Hy@tempcnt=\count302
 (C:\Users\Kalai\AppData\Local\Programs\MiKTeX\tex/latex/url\url.sty
\Urlmuskip=\muskip17
Package: url 2013/09/16  ver 3.4  Verb mode for urls, etc.
)
LaTeX Info: Redefining \url on input line 5076.
\XeTeXLinkMargin=\dimen292

(C:\Users\Kalai\AppData\Local\Programs\MiKTeX\tex/generic/bitset\bitset.sty
Package: bitset 2019/12/09 v1.3 Handle bit-vector datatype (HO)

(C:\Users\Kalai\AppData\Local\Programs\MiKTeX\tex/generic/bigintcalc\bigintcalc
.sty
Package: bigintcalc 2019/12/15 v1.5 Expandable calculations on big integers (HO
)
))
\Fld@menulength=\count303
\Field@Width=\dimen293
\Fld@charsize=\dimen294
Package hyperref Info: Hyper figures OFF on input line 6347.
Package hyperref Info: Link nesting OFF on input line 6352.
Package hyperref Info: Hyper index ON on input line 6355.
Package hyperref Info: backreferencing OFF on input line 6362.
Package hyperref Info: Link coloring OFF on input line 6367.
Package hyperref Info: Link coloring with OCG OFF on input line 6372.
Package hyperref Info: PDF/A mode OFF on input line 6377.
LaTeX Info: Redefining \ref on input line 6417.
LaTeX Info: Redefining \pageref on input line 6421.

(C:\Users\Kalai\AppData\Local\Programs\MiKTeX\tex/generic/atbegshi\atbegshi.sty
Package: atbegshi 2019/12/05 v1.19 At begin shipout hook (HO)
)
\Hy@abspage=\count304
\c@Item=\count305
\c@Hfootnote=\count306
)
Package hyperref Info: Driver (autodetected): hpdftex.
 (C:\Users\Kalai\AppData\Local\Programs\MiKTeX\tex/latex/hyperref\hpdftex.def
File: hpdftex.def 2020-05-15 v7.00e Hyperref driver for pdfTeX

(C:\Users\Kalai\AppData\Local\Programs\MiKTeX\tex/latex/atveryend\atveryend.sty
Package: atveryend 2019-12-11 v1.11 Hooks at the very end of document (HO)
Package atveryend Info: \enddocument detected (standard20110627).
)
\Fld@listcount=\count307
\c@bookmark@seq@number=\count308

(C:\Users\Kalai\AppData\Local\Programs\MiKTeX\tex/latex/rerunfilecheck\rerunfil
echeck.sty
Package: rerunfilecheck 2019/12/05 v1.9 Rerun checks for auxiliary files (HO)

(C:\Users\Kalai\AppData\Local\Programs\MiKTeX\tex/generic/uniquecounter\uniquec
ounter.sty
Package: uniquecounter 2019/12/15 v1.4 Provide unlimited unique counter (HO)
)
Package uniquecounter Info: New unique counter `rerunfilecheck' on input line 2
86.
)
\Hy@SectionHShift=\skip75
)
(C:\Users\Kalai\AppData\Local\Programs\MiKTeX\tex/latex/tools\tabularx.sty
Package: tabularx 2020/01/15 v2.11c `tabularx' package (DPC)

(C:\Users\Kalai\AppData\Local\Programs\MiKTeX\tex/latex/tools\array.sty
Package: array 2019/08/31 v2.4l Tabular extension package (FMi)
\col@sep=\dimen295
\ar@mcellbox=\box70
\extrarowheight=\dimen296
\NC@list=\toks45
\extratabsurround=\skip76
\backup@length=\skip77
\ar@cellbox=\box71
)
\TX@col@width=\dimen297
\TX@old@table=\dimen298
\TX@old@col=\dimen299
\TX@target=\dimen300
\TX@delta=\dimen301
\TX@cols=\count309
\TX@ftn=\toks46
)
(C:\Users\Kalai\AppData\Local\Programs\MiKTeX\tex/latex/adjustbox\adjustbox.sty
Package: adjustbox 2019/01/04 v1.2 Adjusting TeX boxes (trim, clip, ...)
(C:\Users\Kalai\AppData\Local\Programs\MiKTeX\tex/latex/adjustbox\adjcalc.sty
Package: adjcalc 2012/05/16 v1.1 Provides advanced setlength with multiple back
-ends (calc, etex, pgfmath)
)
(C:\Users\Kalai\AppData\Local\Programs\MiKTeX\tex/latex/adjustbox\trimclip.sty
Package: trimclip 2018/04/08 v1.1 Trim and clip general TeX material

(C:\Users\Kalai\AppData\Local\Programs\MiKTeX\tex/latex/collectbox\collectbox.s
ty
Package: collectbox 2012/05/17 v0.4b Collect macro arguments as boxes
\collectedbox=\box72
)
\tc@llx=\dimen302
\tc@lly=\dimen303
\tc@urx=\dimen304
\tc@ury=\dimen305
Package trimclip Info: Using driver 'tc-pdftex.def'.

(C:\Users\Kalai\AppData\Local\Programs\MiKTeX\tex/latex/adjustbox\tc-pdftex.def
File: tc-pdftex.def 2019/01/04 v2.2 Clipping driver for pdftex
))
\adjbox@Width=\dimen306
\adjbox@Height=\dimen307
\adjbox@Depth=\dimen308
\adjbox@Totalheight=\dimen309
\adjbox@pwidth=\dimen310
\adjbox@pheight=\dimen311
\adjbox@pdepth=\dimen312
\adjbox@ptotalheight=\dimen313

(C:\Users\Kalai\AppData\Local\Programs\MiKTeX\tex/latex/varwidth\varwidth.sty
Package: varwidth 2009/03/30 ver 0.92;  Variable-width minipages
\@vwid@box=\box73
\sift@deathcycles=\count310
\@vwid@loff=\dimen314
\@vwid@roff=\dimen315
)) (C:\Users\Kalai\AppData\Local\Programs\MiKTeX\tex/latex/base\textcomp.sty
Package: textcomp 2020/02/02 v2.0n Standard LaTeX package
)
(C:\Users\Kalai\AppData\Local\Programs\MiKTeX\tex/latex/breqn\flexisym.sty
(C:\Users\Kalai\AppData\Local\Programs\MiKTeX\tex/latex/l3kernel\expl3.sty
Package: expl3 2020-06-18 L3 programming layer (loader) 

(C:\Users\Kalai\AppData\Local\Programs\MiKTeX\tex/latex/l3backend\l3backend-pdf
mode.def
File: l3backend-pdfmode.def 2020-06-29 L3 backend support: PDF mode
\l__kernel_color_stack_int=\count311
\l__pdf_internal_box=\box74
))
Package: flexisym 2020/04/19 v0.98j Make math characters macros
LaTeX Info: Redefining \textprime on input line 298.
LaTeX Info: Redefining \not on input line 356.

(C:\Users\Kalai\AppData\Local\Programs\MiKTeX\tex/latex/breqn\cmbase.sym
File: cmbase.sym 2007/12/19 v0.92
LaTeX Info: Redefining \hbar on input line 323.
LaTeX Info: Redefining \surd on input line 325.
LaTeX Info: Redefining \angle on input line 333.
LaTeX Info: Redefining \neq on input line 334.
LaTeX Info: Redefining \mapsto on input line 335.
LaTeX Info: Redefining \cong on input line 336.
LaTeX Info: Redefining \notin on input line 339.
LaTeX Info: Redefining \rightleftharpoons on input line 340.
LaTeX Info: Redefining \doteq on input line 341.
LaTeX Info: Redefining \hookrightarrow on input line 342.
LaTeX Info: Redefining \hookleftarrow on input line 343.
LaTeX Info: Redefining \bowtie on input line 344.
LaTeX Info: Redefining \models on input line 345.
LaTeX Info: Redefining \Longrightarrow on input line 346.
LaTeX Info: Redefining \longrightarrow on input line 347.
LaTeX Info: Redefining \Longleftarrow on input line 348.
LaTeX Info: Redefining \longleftarrow on input line 349.
LaTeX Info: Redefining \longmapsto on input line 350.
LaTeX Info: Redefining \longleftrightarrow on input line 351.
LaTeX Info: Redefining \Longleftrightarrow on input line 352.
LaTeX Info: Redefining \cdots on input line 356.
LaTeX Info: Redefining \vdots on input line 359.
LaTeX Info: Redefining \ddots on input line 364.
)
(C:\Users\Kalai\AppData\Local\Programs\MiKTeX\tex/latex/breqn\mathstyle.sty
Package: mathstyle 2020/04/19 v0.98j Tracking mathstyle implicitly
LaTeX Info: Redefining \displaystyle on input line 94.
LaTeX Info: Redefining \textstyle on input line 96.
LaTeX Info: Redefining \scriptstyle on input line 98.
LaTeX Info: Redefining \scriptscriptstyle on input line 100.
LaTeX Info: Redefining \genfrac on input line 148.
))
(C:\Users\Kalai\AppData\Local\Programs\MiKTeX\tex/latex/listings\listings.sty
\lst@mode=\count312
\lst@gtempboxa=\box75
\lst@token=\toks47
\lst@length=\count313
\lst@currlwidth=\dimen316
\lst@column=\count314
\lst@pos=\count315
\lst@lostspace=\dimen317
\lst@width=\dimen318
\lst@newlines=\count316
\lst@lineno=\count317
\lst@maxwidth=\dimen319

(C:\Users\Kalai\AppData\Local\Programs\MiKTeX\tex/latex/listings\lstmisc.sty
File: lstmisc.sty 2020/03/24 1.8d (Carsten Heinz)
\c@lstnumber=\count318
\lst@skipnumbers=\count319
\lst@framebox=\box76
)
(C:\Users\Kalai\AppData\Local\Programs\MiKTeX\tex/latex/listings\listings.cfg
File: listings.cfg 2020/03/24 1.8d listings configuration
))
Package: listings 2020/03/24 1.8d (Carsten Heinz)
(C:\Users\Kalai\AppData\Local\Programs\MiKTeX\tex/latex/tools\enumerate.sty
Package: enumerate 2015/07/23 v3.00 enumerate extensions (DPC)
\@enLab=\toks48
)
(C:\Users\Kalai\AppData\Local\Programs\MiKTeX\tex/latex/glossaries-extra\glossa
ries-extra.sty
Package: glossaries-extra 2020/04/01 v1.45 (NLCT)

(C:\Users\Kalai\AppData\Local\Programs\MiKTeX\tex/latex/etoolbox\etoolbox.sty
Package: etoolbox 2019/09/21 v2.5h e-TeX tools for LaTeX (JAW)
\etb@tempcnta=\count320
)
(C:\Users\Kalai\AppData\Local\Programs\MiKTeX\tex/latex/glossaries/base\glossar
ies.sty
Package: glossaries 2020/03/19 v4.46 (NLCT)

(C:\Users\Kalai\AppData\Local\Programs\MiKTeX\tex/latex/mfirstuc\mfirstuc.sty
Package: mfirstuc 2017/11/14 v2.06 (NLCT)
\@glsmfirst=\toks49
\@glsmrest=\toks50
)
(C:\Users\Kalai\AppData\Local\Programs\MiKTeX\tex/latex/textcase\textcase.sty
Package: textcase 2019/09/14 v1.00 Text only upper/lower case changing (DPC)
)
(C:\Users\Kalai\AppData\Local\Programs\MiKTeX\tex/latex/xfor\xfor.sty
Package: xfor 2009/02/05 v1.05 (NLCT)
)
(C:\Users\Kalai\AppData\Local\Programs\MiKTeX\tex/latex/datatool\datatool-base.
sty
Package: datatool-base 2019/09/27 v2.32 (NLCT)
 (C:\Users\Kalai\AppData\Local\Programs\MiKTeX\tex/latex/substr\substr.sty
Package: substr 2009/10/20 v1.2 Handle substrings
\c@su@anzahl=\count321
)
(C:\Users\Kalai\AppData\Local\Programs\MiKTeX\tex/latex/datatool\datatool-fp.st
y
Package: datatool-fp 2019/09/27 v2.32 (NLCT)
 (C:\Users\Kalai\AppData\Local\Programs\MiKTeX\tex/latex/fp\fp.sty
Package: fp 1995/04/02

`Fixed Point Package', Version 0.8, April 2, 1995 (C) Michael Mehlich
(C:\Users\Kalai\AppData\Local\Programs\MiKTeX\tex/latex/fp\defpattern.sty
Package: defpattern 1994/10/12
\actioncount=\count322
)
(C:\Users\Kalai\AppData\Local\Programs\MiKTeX\tex/latex/fp\fp-basic.sty
Package: fp-basic 1996/05/13
\FP@xs=\count323
\FP@xia=\count324
\FP@xib=\count325
\FP@xfa=\count326
\FP@xfb=\count327
\FP@rega=\count328
\FP@regb=\count329
\FP@regs=\count330
\FP@times=\count331
)
(C:\Users\Kalai\AppData\Local\Programs\MiKTeX\tex/latex/fp\fp-addons.sty
Package: fp-addons 1995/03/15
)
(C:\Users\Kalai\AppData\Local\Programs\MiKTeX\tex/latex/fp\fp-snap.sty
Package: fp-snap 1995/04/05
)
(C:\Users\Kalai\AppData\Local\Programs\MiKTeX\tex/latex/fp\fp-exp.sty
Package: fp-exp 1995/04/03
)
(C:\Users\Kalai\AppData\Local\Programs\MiKTeX\tex/latex/fp\fp-trigo.sty
Package: fp-trigo 1995/04/14
)
(C:\Users\Kalai\AppData\Local\Programs\MiKTeX\tex/latex/fp\fp-pas.sty
Package: fp-pas 1994/08/29
)
(C:\Users\Kalai\AppData\Local\Programs\MiKTeX\tex/latex/fp\fp-random.sty
Package: fp-random 1995/02/23
\FPseed=\count332
)
(C:\Users\Kalai\AppData\Local\Programs\MiKTeX\tex/latex/fp\fp-eqn.sty
Package: fp-eqn 1995/04/03
)
(C:\Users\Kalai\AppData\Local\Programs\MiKTeX\tex/latex/fp\fp-upn.sty
Package: fp-upn 1996/10/21
)
(C:\Users\Kalai\AppData\Local\Programs\MiKTeX\tex/latex/fp\fp-eval.sty
Package: fp-eval 1995/04/03
)))
\@dtl@toks=\toks51
\@dtl@tmpcount=\count333
\dtl@tmplength=\skip78
\dtl@sortresult=\count334
\@dtl@numgrpsepcount=\count335
\@dtl@datatype=\count336
\dtl@codeA=\count337
\dtl@codeB=\count338
\@dtl@foreach@level=\count339
)
(C:\Users\Kalai\AppData\Local\Programs\MiKTeX\tex/latex/glossaries/base\glossar
ies-compatible-307.sty
Package: glossaries-compatible-307 2020/03/19 v4.46 (NLCT)
)
(C:\Users\Kalai\AppData\Local\Programs\MiKTeX\tex/latex/tracklang\tracklang.sty
Package: tracklang 2020/06/30 v1.5 (NLCT) Track Languages

(C:\Users\Kalai\AppData\Local\Programs\MiKTeX\tex/generic/tracklang\tracklang.t
ex))
(C:\Users\Kalai\AppData\Local\Programs\MiKTeX\tex/latex/glossaries-english\glos
saries-english.ldf
File: glossaries-english.ldf 2014/11/23 v1.0
)
\gls@level=\count340
\@gls@tmpb=\toks52
\gls@tmplen=\skip79
\glskeylisttok=\toks53
\glslabeltok=\toks54
\glsshorttok=\toks55
\glslongtok=\toks56

(C:\Users\Kalai\AppData\Local\Programs\MiKTeX\tex/latex/glossaries/styles\gloss
ary-hypernav.sty
Package: glossary-hypernav 2020/03/19 v4.46 (NLCT)
)
(C:\Users\Kalai\AppData\Local\Programs\MiKTeX\tex/latex/glossaries/styles\gloss
ary-list.sty
Package: glossary-list 2020/03/19 v4.46 (NLCT)
\glslistdottedwidth=\skip80
)
(C:\Users\Kalai\AppData\Local\Programs\MiKTeX\tex/latex/glossaries/styles\gloss
ary-long.sty
Package: glossary-long 2020/03/19 v4.46 (NLCT)

(C:\Users\Kalai\AppData\Local\Programs\MiKTeX\tex/latex/tools\longtable.sty
Package: longtable 2020/01/07 v4.13 Multi-page Table package (DPC)
\LTleft=\skip81
\LTright=\skip82
\LTpre=\skip83
\LTpost=\skip84
\LTchunksize=\count341
\LTcapwidth=\dimen320
\LT@head=\box77
\LT@firsthead=\box78
\LT@foot=\box79
\LT@lastfoot=\box80
\LT@cols=\count342
\LT@rows=\count343
\c@LT@tables=\count344
\c@LT@chunks=\count345
\LT@p@ftn=\toks57
)
\glsdescwidth=\skip85
\glspagelistwidth=\skip86
)
(C:\Users\Kalai\AppData\Local\Programs\MiKTeX\tex/latex/glossaries/styles\gloss
ary-super.sty
Package: glossary-super 2020/03/19 v4.46 (NLCT)

(C:\Users\Kalai\AppData\Local\Programs\MiKTeX\tex/latex/supertabular\supertabul
ar.sty
Package: supertabular 2020/02/02 v4.1g the supertabular environment
\c@tracingst=\count346
\ST@wd=\dimen321
\ST@rightskip=\skip87
\ST@leftskip=\skip88
\ST@parfillskip=\skip89
\ST@pageleft=\dimen322
\ST@headht=\dimen323
\ST@tailht=\dimen324
\ST@pagesofar=\dimen325
\ST@pboxht=\dimen326
\ST@lineht=\dimen327
\ST@prevht=\dimen328
\ST@toadd=\dimen329
\ST@dimen=\dimen330
\ST@pbox=\box81
))
(C:\Users\Kalai\AppData\Local\Programs\MiKTeX\tex/latex/glossaries/styles\gloss
ary-tree.sty
Package: glossary-tree 2020/03/19 v4.46 (NLCT)
\glstreeindent=\skip90
))
\@glsxtr@leveloffset=\count347
\glsxtrresourcecount=\count348
\@glsxtrnewgls@inner=\count349
\glsshortpltok=\toks58
\glslongpltok=\toks59
)
(C:\Users\Kalai\AppData\Local\Programs\MiKTeX\tex/latex/setspace\setspace.sty
Package: setspace 2011/12/19 v6.7a set line spacing
)
(C:\Users\Kalai\AppData\Local\Programs\MiKTeX\tex/latex/blindtext\blindtext.sty
Package: blindtext 2012/01/06 V2.0 blindtext-Package
\c@blindtext=\count350
\c@Blindtext=\count351
\c@blind@countparstart=\count352
\blind@countxx=\count353
\blindtext@numBlindtext=\count354
\blind@countyy=\count355
\c@blindlist=\count356
\c@blindlistlevel=\count357
\c@blindlist@level=\count358
\blind@listitem=\count359
\c@blind@listcount=\count360
\c@blind@levelcount=\count361
\blind@mathformula=\count362
\blind@Mathformula=\count363
\c@blind@randomcount=\count364
\c@blind@randommax=\count365
\c@blind@pangramcount=\count366
\c@blind@pangrammax=\count367
)
(C:\Users\Kalai\AppData\Local\Programs\MiKTeX\tex/latex/tocbibind\tocbibind.sty
Package: tocbibind 2010/10/13 v1.5k extra ToC listings
Package tocbibind Info: The document has chapter divisions on input line 50.

Package tocbibind Note: Using chapter style headings, unless overridden.

)
(C:\Users\Kalai\AppData\Local\Programs\MiKTeX\tex/latex/breakcites\breakcites.s
ty) (C:\Users\Kalai\AppData\Local\Programs\MiKTeX\tex/latex/natbib\natbib.sty
Package: natbib 2010/09/13 8.31b (PWD, AO)
\bibhang=\skip91
\bibsep=\skip92
LaTeX Info: Redefining \cite on input line 694.
\c@NAT@ctr=\count368
)
\glswrite=\write4
\glo@abbreviations@file=\write5
\openout5 = `main.glo-abr'.

Package glossaries Info: Writing glossary file main.glo-abr on input line 40.

(C:\Users\Kalai\AppData\Local\Programs\MiKTeX\tex/latex/listings\lstlang1.sty
File: lstlang1.sty 2020/03/24 1.8d listings language file
)
(main.aux (chapters/0_abstract.aux))
\openout1 = `main.aux'.

LaTeX Font Info:    Checking defaults for OML/cmm/m/it on input line 94.
LaTeX Font Info:    ... okay on input line 94.
LaTeX Font Info:    Checking defaults for OMS/cmsy/m/n on input line 94.
LaTeX Font Info:    ... okay on input line 94.
LaTeX Font Info:    Checking defaults for OT1/cmr/m/n on input line 94.
LaTeX Font Info:    ... okay on input line 94.
LaTeX Font Info:    Checking defaults for T1/cmr/m/n on input line 94.
LaTeX Font Info:    ... okay on input line 94.
LaTeX Font Info:    Checking defaults for TS1/cmr/m/n on input line 94.
LaTeX Font Info:    ... okay on input line 94.
LaTeX Font Info:    Checking defaults for OMX/cmex/m/n on input line 94.
LaTeX Font Info:    ... okay on input line 94.
LaTeX Font Info:    Checking defaults for U/cmr/m/n on input line 94.
LaTeX Font Info:    ... okay on input line 94.
LaTeX Font Info:    Checking defaults for PD1/pdf/m/n on input line 94.
LaTeX Font Info:    ... okay on input line 94.

(C:\Users\Kalai\AppData\Local\Programs\MiKTeX\tex/latex/ucs\ucsencs.def
File: ucsencs.def 2011/01/21 Fixes to fontencodings LGR, T3
)
(C:\Users\Kalai\AppData\Local\Programs\MiKTeX\tex/context/base/mkii\supp-pdf.mk
ii
[Loading MPS to PDF converter (version 2006.09.02).]
\scratchcounter=\count369
\scratchdimen=\dimen331
\scratchbox=\box82
\nofMPsegments=\count370
\nofMParguments=\count371
\everyMPshowfont=\toks60
\MPscratchCnt=\count372
\MPscratchDim=\dimen332
\MPnumerator=\count373
\makeMPintoPDFobject=\count374
\everyMPtoPDFconversion=\toks61
)
Package caption Info: Begin \AtBeginDocument code.
Package caption Info: float package is loaded.
Package caption Info: hyperref package is loaded.
Package caption Info: listings package is loaded.
Package caption Info: longtable package is loaded.
 (C:\Users\Kalai\AppData\Local\Programs\MiKTeX\tex/latex/caption\ltcaption.sty
Package: ltcaption 2020/05/30 v1.4b longtable captions (AR)
)
Package caption Info: supertabular package is loaded.
Package caption Info: wrapfig package is loaded.
Package caption Info: End \AtBeginDocument code.
 ABD: EveryShipout initializing macros
\AtBeginShipoutBox=\box83
Package hyperref Info: Link coloring OFF on input line 94.

(C:\Users\Kalai\AppData\Local\Programs\MiKTeX\tex/latex/hyperref\nameref.sty
Package: nameref 2019/09/16 v2.46 Cross-referencing by name of section

(C:\Users\Kalai\AppData\Local\Programs\MiKTeX\tex/latex/refcount\refcount.sty
Package: refcount 2019/12/15 v3.6 Data extraction from label references (HO)
)
(C:\Users\Kalai\AppData\Local\Programs\MiKTeX\tex/generic/gettitlestring\gettit
lestring.sty
Package: gettitlestring 2019/12/15 v1.6 Cleanup title references (HO)
)
\c@section@level=\count375
)
LaTeX Info: Redefining \ref on input line 94.
LaTeX Info: Redefining \pageref on input line 94.
LaTeX Info: Redefining \nameref on input line 94.
 (main.out) (main.out)
\@outlinefile=\write6
\openout6 = `main.out'.

\c@lstlisting=\count376
<logoUHi.jpg, id=278, 406.38257pt x 406.20097pt>
File: logoUHi.jpg Graphic file (type jpg)
<use logoUHi.jpg>
Package pdftex.def Info: logoUHi.jpg  used on input line 109.
(pdftex.def)             Requested size: 113.81102pt x 113.76028pt.

Overfull \hbox (50.8056pt too wide) in paragraph at lines 129--129
[][]  
 []

LaTeX Font Info:    Trying to load font information for U+msa on input line 132
.
(C:\Users\Kalai\AppData\Local\Programs\MiKTeX\tex/latex/amsfonts\umsa.fd
File: umsa.fd 2013/01/14 v3.01 AMS symbols A
)
LaTeX Font Info:    Trying to load font information for U+msb on input line 132
.

(C:\Users\Kalai\AppData\Local\Programs\MiKTeX\tex/latex/amsfonts\umsb.fd
File: umsb.fd 2013/01/14 v3.01 AMS symbols B
)
(C:\Users\Kalai\AppData\Local\Programs\MiKTeX\tex/latex/ucs\uni-0.def
File: uni-0.def 2013/05/13 UCS: Unicode data U+0000..U+00FF
) [1

\openout4 = `main.ist'.

{C:/Users/Kalai/AppData/Local/MiKTeX/pdftex/config/pdftex.map} <./logoUHi.jpg>]
pdfTeX warning (ext4): destination with the same identifier (name{page.i}) has 
been already used, duplicate ignored
<to be read again> 
                   \relax 
l.204 \newpage
               [1]
\openout2 = `chapters/0_abstract.aux'.

 (chapters/0_abstract.tex
Underfull \hbox (badness 10000) in paragraph at lines 2--7

 []

pdfTeX warning (ext4): destination with the same identifier (name{page.i}) has 
been already used, duplicate ignored
<to be read again> 
                   \relax 
l.8 \end{abstract}
                   [1

]
Underfull \hbox (badness 10000) in paragraph at lines 12--14

 []


Underfull \hbox (badness 10000) in paragraph at lines 15--17

 []


Underfull \hbox (badness 10000) in paragraph at lines 18--20

 []


Underfull \hbox (badness 10000) in paragraph at lines 21--23

 []


Underfull \hbox (badness 10000) in paragraph at lines 24--26

 []


Underfull \hbox (badness 10000) in paragraph at lines 27--29

 []

pdfTeX warning (ext4): destination with the same identifier (name{page.i}) has 
been already used, duplicate ignored
<to be read again> 
                   \relax 
l.29  \end{abstract}
                     [1]) (main.tocpdfTeX warning (ext4): destination with the 
same identifier (name{page.i}) has been already used, duplicate ignored
<to be read again> 
                   \relax 
l.29 ...numberline {3.2}CycleGAN}{31}{section.3.2}
                                                  % [1


])
\tf@toc=\write7
\openout7 = `main.toc'.

 [2] (main.lof
Overfull \hbox (4.75162pt too wide) in paragraph at lines 21--21
 [][] [][]\OT1/cmr/m/n/12 Difference between re-sid-ual block (left) vs or-din-
ary CNN (right) 
 []

[3

])
\tf@lof=\write8
\openout8 = `main.lof'.

 [4] (main.lot)
\tf@lot=\write9
\openout9 = `main.lot'.

 [5

] (main.gls-abr [6


]) [7] (chapters/1_introduction.tex
Chapter 1.
<images/one.jpg, id=533, 451.6875pt x 301.125pt>
File: images/one.jpg Graphic file (type jpg)
<use images/one.jpg>
Package pdftex.def Info: images/one.jpg  used on input line 11.
(pdftex.def)             Requested size: 451.68639pt x 301.12425pt.

Underfull \hbox (badness 10000) in paragraph at lines 7--17

 []

[1


]
Underfull \hbox (badness 10000) in paragraph at lines 19--21

 []

[2 <./images/one.jpg>]
<images/corrode.jpg, id=548, 2208.25pt x 602.25pt>
File: images/corrode.jpg Graphic file (type jpg)
<use images/corrode.jpg>
Package pdftex.def Info: images/corrode.jpg  used on input line 24.
(pdftex.def)             Requested size: 397.48499pt x 108.40031pt.

Overfull \hbox (7.48499pt too wide) in paragraph at lines 24--25
 [][] 
 []

[3 <./images/corrode.jpg>]
Underfull \hbox (badness 10000) in paragraph at lines 46--48

 []


Underfull \hbox (badness 10000) in paragraph at lines 49--51

 []

[4] [5]) [6] (chapters/2_literature_review.tex
Chapter 2.
Package epstopdf Info: Source file: <images/introdl.eps>
(epstopdf)                    date: 2020-07-23 11:25:14
(epstopdf)                    size: 262488 bytes
(epstopdf)             Output file: <images/introdl-eps-converted-to.pdf>
(epstopdf)                    date: 2020-07-23 11:25:48
(epstopdf)                    size: 59696 bytes
(epstopdf)             Command: <epstopdf --outfile=images/introdl-eps-converte
d-to.pdf images/introdl.eps>
(epstopdf)             \includegraphics on input line 8.
Package epstopdf Info: Output file is already uptodate.


pdfTeX warning: pdflatex (file ./images/introdl-eps-converted-to.pdf): PDF incl
usion: found PDF version <1.7>, but at most version <1.5> allowed
<images/introdl-eps-converted-to.pdf, id=596, 313.17pt x 309.155pt>
File: images/introdl-eps-converted-to.pdf Graphic file (type pdf)
<use images/introdl-eps-converted-to.pdf>
Package pdftex.def Info: images/introdl-eps-converted-to.pdf  used on input lin
e 8.
(pdftex.def)             Requested size: 155.99762pt x 154.0016pt.
[7

 <./images/introdl-eps-converted-to.pdf>]
(C:\Users\Kalai\AppData\Local\Programs\MiKTeX\tex/latex/ucs\uni-32.def
File: uni-32.def 2013/05/13 UCS: Unicode data U+2000..U+20FF
)
Package epstopdf Info: Source file: <images/nn.eps>
(epstopdf)                    date: 2020-07-24 11:19:10
(epstopdf)                    size: 49263 bytes
(epstopdf)             Output file: <images/nn-eps-converted-to.pdf>
(epstopdf)                    date: 2020-07-24 11:19:22
(epstopdf)                    size: 14525 bytes
(epstopdf)             Command: <epstopdf --outfile=images/nn-eps-converted-to.
pdf images/nn.eps>
(epstopdf)             \includegraphics on input line 27.
Package epstopdf Info: Output file is already uptodate.


pdfTeX warning: pdflatex (file ./images/nn-eps-converted-to.pdf): PDF inclusion
: found PDF version <1.7>, but at most version <1.5> allowed
<images/nn-eps-converted-to.pdf, id=616, 293.095pt x 144.54pt>
File: images/nn-eps-converted-to.pdf Graphic file (type pdf)
<use images/nn-eps-converted-to.pdf>
Package pdftex.def Info: images/nn-eps-converted-to.pdf  used on input line 27.

(pdftex.def)             Requested size: 216.81pt x 106.91821pt.
<images/neuron.jpg, id=622, 753.41475pt x 322.20375pt>
File: images/neuron.jpg Graphic file (type jpg)
<use images/neuron.jpg>
Package pdftex.def Info: images/neuron.jpg  used on input line 35.
(pdftex.def)             Requested size: 753.41292pt x 322.20296pt.
[8 <./images/nn-eps-converted-to.pdf>]
<images/activation.png, id=650, 1196.47pt x 512.91624pt>
File: images/activation.png Graphic file (type png)
<use images/activation.png>
Package pdftex.def Info: images/activation.png  used on input line 58.
(pdftex.def)             Requested size: 1196.46709pt x 512.915pt.
 [9 <./images/neuron.jpg>]
Underfull \hbox (badness 10000) in paragraph at lines 75--77

 []

[10 <./images/activation.png (PNG copy)>]
Package epstopdf Info: Source file: <images/dropout.eps>
(epstopdf)                    date: 2020-07-23 11:29:02
(epstopdf)                    size: 79848 bytes
(epstopdf)             Output file: <images/dropout-eps-converted-to.pdf>
(epstopdf)                    date: 2020-07-23 11:31:12
(epstopdf)                    size: 71877 bytes
(epstopdf)             Command: <epstopdf --outfile=images/dropout-eps-converte
d-to.pdf images/dropout.eps>
(epstopdf)             \includegraphics on input line 91.
Package epstopdf Info: Output file is already uptodate.


pdfTeX warning: pdflatex (file ./images/dropout-eps-converted-to.pdf): PDF incl
usion: found PDF version <1.7>, but at most version <1.5> allowed
<images/dropout-eps-converted-to.pdf, id=678, 452.69125pt x 237.88875pt>
File: images/dropout-eps-converted-to.pdf Graphic file (type pdf)
<use images/dropout-eps-converted-to.pdf>
Package pdftex.def Info: images/dropout-eps-converted-to.pdf  used on input lin
e 91.
(pdftex.def)             Requested size: 452.69014pt x 237.88815pt.
[11]
Package epstopdf Info: Source file: <images/CNN.eps>
(epstopdf)                    date: 2020-07-23 11:42:06
(epstopdf)                    size: 293184 bytes
(epstopdf)             Output file: <images/CNN-eps-converted-to.pdf>
(epstopdf)                    date: 2020-07-23 11:42:58
(epstopdf)                    size: 79620 bytes
(epstopdf)             Command: <epstopdf --outfile=images/CNN-eps-converted-to
.pdf images/CNN.eps>
(epstopdf)             \includegraphics on input line 104.
Package epstopdf Info: Output file is already uptodate.


pdfTeX warning: pdflatex (file ./images/CNN-eps-converted-to.pdf): PDF inclusio
n: found PDF version <1.7>, but at most version <1.5> allowed
<images/CNN-eps-converted-to.pdf, id=696, 453.695pt x 241.90375pt>
File: images/CNN-eps-converted-to.pdf Graphic file (type pdf)
<use images/CNN-eps-converted-to.pdf>
Package pdftex.def Info: images/CNN-eps-converted-to.pdf  used on input line 10
4.
(pdftex.def)             Requested size: 453.6939pt x 241.90315pt.

Underfull \hbox (badness 10000) in paragraph at lines 100--107

 []

[12 <./images/dropout-eps-converted-to.pdf>]
<images/convolution.png, id=711, 752.8125pt x 354.32375pt>
File: images/convolution.png Graphic file (type png)
<use images/convolution.png>
Package pdftex.def Info: images/convolution.png  used on input line 115.
(pdftex.def)             Requested size: 564.60799pt x 265.74216pt.

Underfull \hbox (badness 10000) in paragraph at lines 111--118

 []

[13 <./images/CNN-eps-converted-to.pdf> <./images/convolution.png (PNG copy)>]
<images/maxpooling.png, id=728, 560.0925pt x 387.4475pt>
File: images/maxpooling.png Graphic file (type png)
<use images/maxpooling.png>
Package pdftex.def Info: images/maxpooling.png  used on input line 129.
(pdftex.def)             Requested size: 420.06834pt x 290.5849pt.

Underfull \hbox (badness 10000) in paragraph at lines 125--132

 []

[14 <./images/maxpooling.png (PNG copy)>]
<images/bnn.png, id=744, 649.42625pt x 489.83pt>
File: images/bnn.png Graphic file (type png)
<use images/bnn.png>
Package pdftex.def Info: images/bnn.png  used on input line 142.
(pdftex.def)             Requested size: 649.42467pt x 489.8288pt.
<images/instancenorm.png, id=752, 992.70876pt x 108.405pt>
File: images/instancenorm.png Graphic file (type png)
<use images/instancenorm.png>
Package pdftex.def Info: images/instancenorm.png  used on input line 149.
(pdftex.def)             Requested size: 992.70634pt x 108.40472pt.
 [15 <./images/bnn.png (PNG copy)>]
(C:\Users\Kalai\AppData\Local\Programs\MiKTeX\tex/latex/ucs\uni-34.def
File: uni-34.def 2013/05/13 UCS: Unicode data U+2200..U+22FF
)
<images/GAN.jpg, id=769, 611.28375pt x 115.632pt>
File: images/GAN.jpg Graphic file (type jpg)
<use images/GAN.jpg>
Package pdftex.def Info: images/GAN.jpg  used on input line 162.
(pdftex.def)             Requested size: 361.34999pt x 68.35284pt.

[16 <./images/instancenorm.png (PNG copy)>]
<images/GANdist.png, id=787, 615.4995pt x 265.59225pt>
File: images/GANdist.png Graphic file (type png)
<use images/GANdist.png>
Package pdftex.def Info: images/GANdist.png  used on input line 171.
(pdftex.def)             Requested size: 615.49799pt x 265.59158pt.
 [17 <./images/GAN.jpg> <./images/GANdist.png>]
<images/cgan.jpg, id=803, 805.8105pt x 180.07275pt>
File: images/cgan.jpg Graphic file (type jpg)
<use images/cgan.jpg>
Package pdftex.def Info: images/cgan.jpg  used on input line 193.
(pdftex.def)             Requested size: 361.34999pt x 80.75172pt.

Underfull \hbox (badness 10000) in paragraph at lines 189--196

 []

[18 <./images/cgan.jpg>]
<images/ocr.png, id=817, 467.346pt x 210.18526pt>
File: images/ocr.png Graphic file (type png)
<use images/ocr.png>
Package pdftex.def Info: images/ocr.png  used on input line 208.
(pdftex.def)             Requested size: 467.34485pt x 210.18474pt.
 [19 <./images/ocr.png>]
Underfull \hbox (badness 10000) in paragraph at lines 222--224

 []


Underfull \hbox (badness 10000) in paragraph at lines 225--227

 []


Underfull \hbox (badness 10000) in paragraph at lines 228--230

 []

[20]
Underfull \hbox (badness 10000) in paragraph at lines 231--233

 []


Underfull \hbox (badness 10000) in paragraph at lines 234--236

 []


Underfull \hbox (badness 10000) in paragraph at lines 237--239

 []


Underfull \hbox (badness 10000) in paragraph at lines 240--242

 []

[21]
Underfull \hbox (badness 10000) in paragraph at lines 247--251

 []

[22]
Underfull \hbox (badness 10000) in paragraph at lines 252--254

 []


Underfull \hbox (badness 10000) in paragraph at lines 255--257

 []


Underfull \hbox (badness 10000) in paragraph at lines 258--260

 []

[23]
Underfull \hbox (badness 10000) in paragraph at lines 264--266

 []


Underfull \hbox (badness 10000) in paragraph at lines 267--269

 []


Underfull \hbox (badness 10000) in paragraph at lines 270--273

 []

[24]
Underfull \hbox (badness 10000) in paragraph at lines 274--276

 []


Underfull \hbox (badness 10000) in paragraph at lines 277--279

 []


Underfull \hbox (badness 10000) in paragraph at lines 280--282

 []

) [25] (chapters/3_methodology.tex
Chapter 3.

Underfull \hbox (badness 10000) in paragraph at lines 2--4

 []

[26

]
<images/pix2pix.png, id=1015, 1011.78pt x 339.51843pt>
File: images/pix2pix.png Graphic file (type png)
<use images/pix2pix.png>
Package pdftex.def Info: images/pix2pix.png  used on input line 15.
(pdftex.def)             Requested size: 361.34999pt x 121.25775pt.
 [27 <./images/pix2pix.png>]
<images/resnetblock.PNG, id=1033, 302.93175pt x 215.6055pt>
File: images/resnetblock.PNG Graphic file (type png)
<use images/resnetblock.PNG>
Package pdftex.def Info: images/resnetblock.PNG  used on input line 28.
(pdftex.def)             Requested size: 289.07999pt x 205.76166pt.

Underfull \hbox (badness 10000) in paragraph at lines 33--34

 []

[28 <./images/resnetblock.PNG>] [29] [30]
<images/newcyc.png, id=1069, 349.305pt x 221.628pt>
File: images/newcyc.png Graphic file (type png)
<use images/newcyc.png>
Package pdftex.def Info: images/newcyc.png  used on input line 125.
(pdftex.def)             Requested size: 195.0pt x 123.72531pt.

Underfull \hbox (badness 1533) in paragraph at lines 126--126
[]\OT1/cmr/m/n/12 Figure 3.3: |Paired & un-paired data-sets.
 []


Underfull \hbox (badness 10000) in paragraph at lines 122--128

 []


Underfull \hbox (badness 4353) in paragraph at lines 128--131
\OT1/cmr/m/n/12 from Eng-lish to Ger-man
 []


Underfull \hbox (badness 10000) in paragraph at lines 128--131

 []

[31 <./images/newcyc.png>]
<images/cycGANarch.PNG, id=1082, 771.63281pt x 386.19281pt>
File: images/cycGANarch.PNG Graphic file (type png)
<use images/cycGANarch.PNG>
Package pdftex.def Info: images/cycGANarch.PNG  used on input line 141.
(pdftex.def)             Requested size: 361.34999pt x 180.85063pt.
 [32 <./images/cycGANarch.PNG>] [33]
Underfull \hbox (badness 10000) in paragraph at lines 218--220

 []


Underfull \hbox (badness 10000) in paragraph at lines 221--223

 []


Overfull \hbox (22.80989pt too wide) detected at line 227
\OML/cmm/m/it/12 L[]\OT1/cmr/m/n/12 (\OML/cmm/m/it/12 G; D[]; X; Y\OT1/cmr/m/n/
12 ) = \U/msb/m/n/12 E[] \OMS/cmsy/m/n/12  \OML/cmm/m/it/12 p[]\OT1/cmr/m/n/12
 (\OML/cmm/m/it/12 y\OT1/cmr/m/n/12 )[\OML/cmm/m/it/12 logD[]\OT1/cmr/m/n/12 (\
OML/cmm/m/it/12 y\OT1/cmr/m/n/12 )]  +  \U/msb/m/n/12 E[] \OMS/cmsy/m/n/12  \O
ML/cmm/m/it/12 p[]\OT1/cmr/m/n/12 (\OML/cmm/m/it/12 x\OT1/cmr/m/n/12 )[\OML/cmm
/m/it/12 log\OT1/cmr/m/n/12 (1 \OMS/cmsy/m/n/12   \OML/cmm/m/it/12 D[]\OT1/cmr/
m/n/12 (\OML/cmm/m/it/12 G\OT1/cmr/m/n/12 (\OML/cmm/m/it/12 x\OT1/cmr/m/n/12 ))
]
 []


Overfull \hbox (22.53853pt too wide) detected at line 231
\OML/cmm/m/it/12 L[]\OT1/cmr/m/n/12 (\OML/cmm/m/it/12 F; D[]; Y; X\OT1/cmr/m/n/
12 ) = \U/msb/m/n/12 E[] \OMS/cmsy/m/n/12  \OML/cmm/m/it/12 p[]\OT1/cmr/m/n/12
 (\OML/cmm/m/it/12 x\OT1/cmr/m/n/12 )[\OML/cmm/m/it/12 logD[]\OT1/cmr/m/n/12 (\
OML/cmm/m/it/12 x\OT1/cmr/m/n/12 )]  +  \U/msb/m/n/12 E[] \OMS/cmsy/m/n/12  \O
ML/cmm/m/it/12 p[]\OT1/cmr/m/n/12 (\OML/cmm/m/it/12 y\OT1/cmr/m/n/12 )[\OML/cmm
/m/it/12 log\OT1/cmr/m/n/12 (1 \OMS/cmsy/m/n/12   \OML/cmm/m/it/12 D[]\OT1/cmr/
m/n/12 (\OML/cmm/m/it/12 F\OT1/cmr/m/n/12 (\OML/cmm/m/it/12 y\OT1/cmr/m/n/12 ))
]
 []

[34]
Overfull \hbox (28.11612pt too wide) detected at line 242
\OML/cmm/m/it/12 L[] \OT1/cmr/m/n/12 (\OML/cmm/m/it/12 G; F; D[]; D[]\OT1/cmr/m
/n/12 ) = \OML/cmm/m/it/12 L[] \OT1/cmr/m/n/12 (\OML/cmm/m/it/12 G; D[]; X; Y\O
T1/cmr/m/n/12 )  +  \OML/cmm/m/it/12 L[] \OT1/cmr/m/n/12 (\OML/cmm/m/it/12 F; D
[]; Y; X\OT1/cmr/m/n/12 )  +  \OML/cmm/m/it/12 L[]\OT1/cmr/m/n/12 (\OML/cmm/m/
it/12 G; F\OT1/cmr/m/n/12 )
 []

<images/factorgan.PNG, id=1118, 725.71124pt x 318.43968pt>
File: images/factorgan.PNG Graphic file (type png)
<use images/factorgan.PNG>
Package pdftex.def Info: images/factorgan.PNG  used on input line 252.
(pdftex.def)             Requested size: 361.34999pt x 158.56348pt.
[35]
<images/unet.PNG, id=1130, 644.4075pt x 437.38406pt>
File: images/unet.PNG Graphic file (type png)
<use images/unet.PNG>
Package pdftex.def Info: images/unet.PNG  used on input line 260.
(pdftex.def)             Requested size: 361.34999pt x 245.27376pt.
 [36 <./images/factorgan.PNG>]
Overfull \vbox (16.6733pt too high) has occurred while \output is active []


[37 <./images/unet.PNG>] [38]
Underfull \hbox (badness 10000) in paragraph at lines 360--362

 []


Overfull \hbox (5.90576pt too wide) in paragraph at lines 364--364
[]\OT1/cmr/bx/n/17.28 Comparison of image-to-image trans-la-tion
 []


Underfull \hbox (badness 10000) in paragraph at lines 390--392

 []

[39]
<images/craft.jpg, id=1174, 2072.74374pt x 482.80376pt>
File: images/craft.jpg Graphic file (type jpg)
<use images/craft.jpg>
Package pdftex.def Info: images/craft.jpg  used on input line 396.
(pdftex.def)             Requested size: 397.48499pt x 92.58087pt.

Overfull \hbox (7.48499pt too wide) in paragraph at lines 396--397
 [][] 
 []

<images/craftarch.png, id=1179, 487.8225pt x 517.935pt>
File: images/craftarch.png Graphic file (type png)
<use images/craftarch.png>
Package pdftex.def Info: images/craftarch.png  used on input line 410.
(pdftex.def)             Requested size: 361.34999pt x 383.66104pt.
[40 <./images/craft.jpg>] [41 <./images/craftarch.png>]
Package epstopdf Info: Source file: <images/textrec.eps>
(epstopdf)                    date: 2020-07-21 17:09:22
(epstopdf)                    size: 216379 bytes
(epstopdf)             Output file: <images/textrec-eps-converted-to.pdf>
(epstopdf)                    date: 2020-07-21 17:10:04
(epstopdf)                    size: 50542 bytes
(epstopdf)             Command: <epstopdf --outfile=images/textrec-eps-converte
d-to.pdf images/textrec.eps>
(epstopdf)             \includegraphics on input line 423.
Package epstopdf Info: Output file is already uptodate.


pdfTeX warning: pdflatex (file ./images/textrec-eps-converted-to.pdf): PDF incl
usion: found PDF version <1.7>, but at most version <1.5> allowed
<images/textrec-eps-converted-to.pdf, id=1202, 453.695pt x 46.1725pt>
File: images/textrec-eps-converted-to.pdf Graphic file (type pdf)
<use images/textrec-eps-converted-to.pdf>
Package pdftex.def Info: images/textrec-eps-converted-to.pdf  used on input lin
e 423.
(pdftex.def)             Requested size: 816.65039pt x 83.11038pt.

Overfull \hbox (7.49649pt too wide) in paragraph at lines 423--424
 [][] 
 []

[42 <./images/textrec-eps-converted-to.pdf>]
Package epstopdf Info: Source file: <images/overall.eps>
(epstopdf)                    date: 2020-07-21 17:04:34
(epstopdf)                    size: 147679 bytes
(epstopdf)             Output file: <images/overall-eps-converted-to.pdf>
(epstopdf)                    date: 2020-07-21 17:05:32
(epstopdf)                    size: 51225 bytes
(epstopdf)             Command: <epstopdf --outfile=images/overall-eps-converte
d-to.pdf images/overall.eps>
(epstopdf)             \includegraphics on input line 450.
Package epstopdf Info: Output file is already uptodate.


pdfTeX warning: pdflatex (file ./images/overall-eps-converted-to.pdf): PDF incl
usion: found PDF version <1.7>, but at most version <1.5> allowed
<images/overall-eps-converted-to.pdf, id=1228, 453.695pt x 321.2pt>
File: images/overall-eps-converted-to.pdf Graphic file (type pdf)
<use images/overall-eps-converted-to.pdf>
Package pdftex.def Info: images/overall-eps-converted-to.pdf  used on input lin
e 450.
(pdftex.def)             Requested size: 361.34999pt x 255.82329pt.
[43]
Underfull \hbox (badness 10000) in paragraph at lines 455--457

 []

) [44 <./images/overall-eps-converted-to.pdf>] (chapters/4_experiment.tex
Chapter 4.

Underfull \hbox (badness 10000) in paragraph at lines 5--14

 []

[45

]
Underfull \hbox (badness 10000) in paragraph at lines 38--41

 []


Overfull \hbox (9.87488pt too wide) in paragraph at lines 47--48
\OT1/cmtt/m/n/12 / / drive . google . com / file / d / 1Jk4eGD7crsqCCg9C9VjCLkM
N3ze8kutZ /
 []

[46]
Overfull \hbox (48.06084pt too wide) in paragraph at lines 49--50
[]\OT1/cmr/bx/n/12 Text re-cog-ni-tion \OT1/cmr/m/n/12 - []$\OT1/cmtt/m/n/12 ht
tps : / / github . com / clovaai / deep -[] text -[] recognition -[]
 []


Overfull \hbox (18.58727pt too wide) in paragraph at lines 51--52
\OT1/cmr/m/n/12 re-cog-ni-tion can be found in []$\OT1/cmtt/m/n/12 https : / / 
drive . google . com / drive / folders /
 []


Overfull \hbox (5.7002pt too wide) in paragraph at lines 54--55
[]$\OT1/cmtt/m/n/12 https : / / www . uni -[] hildesheim . de / gitlab / pannee
rs / thesis _ steel _ type _
 []

[47]
<images/L1.jpg, id=1282, 451.6875pt x 301.125pt>
File: images/L1.jpg Graphic file (type jpg)
<use images/L1.jpg>
Package pdftex.def Info: images/L1.jpg  used on input line 85.
(pdftex.def)             Requested size: 128.30977pt x 85.54123pt.
<images/L2.jpg, id=1283, 451.6875pt x 301.125pt>
File: images/L2.jpg Graphic file (type jpg)
<use images/L2.jpg>
Package pdftex.def Info: images/L2.jpg  used on input line 91.
(pdftex.def)             Requested size: 128.30977pt x 85.54123pt.
 [48 <./images/L1.jpg> <./images/L2.jpg>]
<images/L3.jpg, id=1296, 451.6875pt x 301.125pt>
File: images/L3.jpg Graphic file (type jpg)
<use images/L3.jpg>
Package pdftex.def Info: images/L3.jpg  used on input line 101.
(pdftex.def)             Requested size: 216.81pt x 144.54294pt.
<images/L4.jpg, id=1298, 451.6875pt x 301.125pt>
File: images/L4.jpg Graphic file (type jpg)
<use images/L4.jpg>
Package pdftex.def Info: images/L4.jpg  used on input line 112.
(pdftex.def)             Requested size: 171.99075pt x 114.66301pt.
<images/L5.jpg, id=1299, 451.6875pt x 301.125pt>
File: images/L5.jpg Graphic file (type jpg)
<use images/L5.jpg>
Package pdftex.def Info: images/L5.jpg  used on input line 118.
(pdftex.def)             Requested size: 171.99075pt x 114.66301pt.
<images/imagepair.jpg, id=1300, 903.375pt x 301.125pt>
File: images/imagepair.jpg Graphic file (type jpg)
<use images/imagepair.jpg>
Package pdftex.def Info: images/imagepair.jpg  used on input line 129.
(pdftex.def)             Requested size: 361.34999pt x 120.45245pt.
 [49 <./images/L3.jpg> <./images/L4.jpg> <./images/L5.jpg>]
<images/template.jpg, id=1306, 144.54pt x 95.922pt>
File: images/template.jpg Graphic file (type jpg)
<use images/template.jpg>
Package pdftex.def Info: images/template.jpg  used on input line 141.
(pdftex.def)             Requested size: 155.99762pt x 103.53127pt.

Underfull \hbox (badness 10000) in paragraph at lines 137--144

 []

<images/syndata.jpg, id=1309, 768.8725pt x 108.405pt>
File: images/syndata.jpg Graphic file (type jpg)
<use images/syndata.jpg>
Package pdftex.def Info: images/syndata.jpg  used on input line 149.
(pdftex.def)             Requested size: 361.34999pt x 50.94868pt.
[50 <./images/imagepair.jpg> <./images/template.jpg>]
<images/synda1.jpg, id=1315, 903.375pt x 301.125pt>
File: images/synda1.jpg Graphic file (type jpg)
<use images/synda1.jpg>
Package pdftex.def Info: images/synda1.jpg  used on input line 158.
(pdftex.def)             Requested size: 361.34999pt x 120.45245pt.

Underfull \hbox (badness 10000) in paragraph at lines 154--161

 []

[51 <./images/syndata.jpg> <./images/synda1.jpg>] [52] [53]) [54]
("chapters/5_results & discussion.tex"
Chapter 5.
[55

]
Package epstopdf Info: Source file: <images/FID.eps>
(epstopdf)                    date: 2020-07-18 14:20:46
(epstopdf)                    size: 80305 bytes
(epstopdf)             Output file: <images/FID-eps-converted-to.pdf>
(epstopdf)                    date: 2020-07-18 14:21:20
(epstopdf)                    size: 24061 bytes
(epstopdf)             Command: <epstopdf --outfile=images/FID-eps-converted-to
.pdf images/FID.eps>
(epstopdf)             \includegraphics on input line 12.
Package epstopdf Info: Output file is already uptodate.


pdfTeX warning: pdflatex (file ./images/FID-eps-converted-to.pdf): PDF inclusio
n: found PDF version <1.7>, but at most version <1.5> allowed
<images/FID-eps-converted-to.pdf, id=1360, 437.635pt x 254.9525pt>
File: images/FID-eps-converted-to.pdf Graphic file (type pdf)
<use images/FID-eps-converted-to.pdf>
Package pdftex.def Info: images/FID-eps-converted-to.pdf  used on input line 12
.
(pdftex.def)             Requested size: 289.07999pt x 168.4092pt.

Underfull \hbox (badness 10000) in paragraph at lines 18--20

 []

[56 <./images/FID-eps-converted-to.pdf>]
Package epstopdf Info: Source file: <images/ssim.eps>
(epstopdf)                    date: 2020-07-18 13:42:10
(epstopdf)                    size: 80845 bytes
(epstopdf)             Output file: <images/ssim-eps-converted-to.pdf>
(epstopdf)                    date: 2020-07-18 14:03:22
(epstopdf)                    size: 24045 bytes
(epstopdf)             Command: <epstopdf --outfile=images/ssim-eps-converted-t
o.pdf images/ssim.eps>
(epstopdf)             \includegraphics on input line 25.
Package epstopdf Info: Output file is already uptodate.


pdfTeX warning: pdflatex (file ./images/ssim-eps-converted-to.pdf): PDF inclusi
on: found PDF version <1.7>, but at most version <1.5> allowed
<images/ssim-eps-converted-to.pdf, id=1378, 442.65375pt x 247.92625pt>
File: images/ssim-eps-converted-to.pdf Graphic file (type pdf)
<use images/ssim-eps-converted-to.pdf>
Package pdftex.def Info: images/ssim-eps-converted-to.pdf  used on input line 2
5.
(pdftex.def)             Requested size: 289.07999pt x 161.9181pt.
Package epstopdf Info: Source file: <images/mse.eps>
(epstopdf)                    date: 2020-07-18 14:01:16
(epstopdf)                    size: 84710 bytes
(epstopdf)             Output file: <images/mse-eps-converted-to.pdf>
(epstopdf)                    date: 2020-07-18 14:03:22
(epstopdf)                    size: 25504 bytes
(epstopdf)             Command: <epstopdf --outfile=images/mse-eps-converted-to
.pdf images/mse.eps>
(epstopdf)             \includegraphics on input line 34.
Package epstopdf Info: Output file is already uptodate.


pdfTeX warning: pdflatex (file ./images/mse-eps-converted-to.pdf): PDF inclusio
n: found PDF version <1.7>, but at most version <1.5> allowed
<images/mse-eps-converted-to.pdf, id=1380, 438.63875pt x 250.9375pt>
File: images/mse-eps-converted-to.pdf Graphic file (type pdf)
<use images/mse-eps-converted-to.pdf>
Package pdftex.def Info: images/mse-eps-converted-to.pdf  used on input line 34
.
(pdftex.def)             Requested size: 289.07999pt x 165.38185pt.
[57 <./images/ssim-eps-converted-to.pdf>]
Underfull \hbox (badness 10000) in paragraph at lines 40--42

 []


Underfull \hbox (badness 10000) in paragraph at lines 44--46

 []

[58 <./images/mse-eps-converted-to.pdf>]
<images/i2.jpg, id=1414, 451.6875pt x 301.125pt>
File: images/i2.jpg Graphic file (type jpg)
<use images/i2.jpg>
Package pdftex.def Info: images/i2.jpg  used on input line 50.
(pdftex.def)             Requested size: 184.9429pt x 123.29663pt.
<images/g2.jpg, id=1415, 602.25pt x 401.5pt>
File: images/g2.jpg Graphic file (type jpg)
<use images/g2.jpg>
Package pdftex.def Info: images/g2.jpg  used on input line 50.
(pdftex.def)             Requested size: 184.9429pt x 123.29356pt.
<images/p2.jpg, id=1416, 602.25pt x 401.5pt>
File: images/p2.jpg Graphic file (type jpg)
<use images/p2.jpg>
Package pdftex.def Info: images/p2.jpg  used on input line 52.
(pdftex.def)             Requested size: 184.9429pt x 123.29356pt.
<images/c2.jpg, id=1417, 602.25pt x 401.5pt>
File: images/c2.jpg Graphic file (type jpg)
<use images/c2.jpg>
Package pdftex.def Info: images/c2.jpg  used on input line 52.
(pdftex.def)             Requested size: 184.9429pt x 123.29356pt.
<images/f2.jpg, id=1418, 602.25pt x 401.5pt>
File: images/f2.jpg Graphic file (type jpg)
<use images/f2.jpg>
Package pdftex.def Info: images/f2.jpg  used on input line 54.
(pdftex.def)             Requested size: 184.9429pt x 123.29356pt.

Overfull \hbox (3.88583pt too wide) in paragraph at lines 49--57
[][] 
 []

<images/i1.jpg, id=1421, 451.6875pt x 301.125pt>
File: images/i1.jpg Graphic file (type jpg)
<use images/i1.jpg>
Package pdftex.def Info: images/i1.jpg  used on input line 64.
(pdftex.def)             Requested size: 184.9429pt x 123.29663pt.
<images/g1.jpg, id=1422, 602.25pt x 401.5pt>
File: images/g1.jpg Graphic file (type jpg)
<use images/g1.jpg>
Package pdftex.def Info: images/g1.jpg  used on input line 64.
(pdftex.def)             Requested size: 184.9429pt x 123.29356pt.
<images/p1.jpg, id=1423, 602.25pt x 401.5pt>
File: images/p1.jpg Graphic file (type jpg)
<use images/p1.jpg>
Package pdftex.def Info: images/p1.jpg  used on input line 66.
(pdftex.def)             Requested size: 184.9429pt x 123.29356pt.
<images/c1.jpg, id=1424, 602.25pt x 401.5pt>
File: images/c1.jpg Graphic file (type jpg)
<use images/c1.jpg>
Package pdftex.def Info: images/c1.jpg  used on input line 66.
(pdftex.def)             Requested size: 184.9429pt x 123.29356pt.
<images/f1.jpg, id=1425, 602.25pt x 401.5pt>
File: images/f1.jpg Graphic file (type jpg)
<use images/f1.jpg>
Package pdftex.def Info: images/f1.jpg  used on input line 68.
(pdftex.def)             Requested size: 184.9429pt x 123.29356pt.

Overfull \hbox (3.88583pt too wide) in paragraph at lines 63--71
[][] 
 []

[59 <./images/i2.jpg> <./images/g2.jpg> <./images/p2.jpg> <./images/c2.jpg> <./
images/f2.jpg>]
Underfull \hbox (badness 10000) in paragraph at lines 74--77

 []

[60 <./images/i1.jpg> <./images/g1.jpg> <./images/p1.jpg> <./images/c1.jpg> <./
images/f1.jpg>]
<images/i4.jpg, id=1434, 602.25pt x 401.5pt>
File: images/i4.jpg Graphic file (type jpg)
<use images/i4.jpg>
Package pdftex.def Info: images/i4.jpg  used on input line 81.
(pdftex.def)             Requested size: 184.9429pt x 123.29356pt.
<images/g4.jpg, id=1435, 602.25pt x 401.5pt>
File: images/g4.jpg Graphic file (type jpg)
<use images/g4.jpg>
Package pdftex.def Info: images/g4.jpg  used on input line 81.
(pdftex.def)             Requested size: 184.9429pt x 123.29356pt.
<images/p4.jpg, id=1436, 602.25pt x 401.5pt>
File: images/p4.jpg Graphic file (type jpg)
<use images/p4.jpg>
Package pdftex.def Info: images/p4.jpg  used on input line 83.
(pdftex.def)             Requested size: 184.9429pt x 123.29356pt.
<images/c4.jpg, id=1437, 602.25pt x 401.5pt>
File: images/c4.jpg Graphic file (type jpg)
<use images/c4.jpg>
Package pdftex.def Info: images/c4.jpg  used on input line 83.
(pdftex.def)             Requested size: 184.9429pt x 123.29356pt.
<images/f4.jpg, id=1438, 602.25pt x 401.5pt>
File: images/f4.jpg Graphic file (type jpg)
<use images/f4.jpg>
Package pdftex.def Info: images/f4.jpg  used on input line 85.
(pdftex.def)             Requested size: 184.9429pt x 123.29356pt.

Overfull \hbox (3.88583pt too wide) in paragraph at lines 80--88
[][] 
 []


Underfull \hbox (badness 10000) in paragraph at lines 92--94

 []

[61 <./images/i4.jpg> <./images/g4.jpg> <./images/p4.jpg> <./images/c4.jpg> <./
images/f4.jpg>]
Underfull \hbox (badness 10000) in paragraph at lines 95--97

 []

[62]
Package epstopdf Info: Source file: <images/ocrcomp3.eps>
(epstopdf)                    date: 2020-07-18 14:26:48
(epstopdf)                    size: 98849 bytes
(epstopdf)             Output file: <images/ocrcomp3-eps-converted-to.pdf>
(epstopdf)                    date: 2020-07-18 14:29:06
(epstopdf)                    size: 29859 bytes
(epstopdf)             Command: <epstopdf --outfile=images/ocrcomp3-eps-convert
ed-to.pdf images/ocrcomp3.eps>
(epstopdf)             \includegraphics on input line 139.
Package epstopdf Info: Output file is already uptodate.


pdfTeX warning: pdflatex (file ./images/ocrcomp3-eps-converted-to.pdf): PDF inc
lusion: found PDF version <1.7>, but at most version <1.5> allowed
<images/ocrcomp3-eps-converted-to.pdf, id=1457, 454.69875pt x 277.035pt>
File: images/ocrcomp3-eps-converted-to.pdf Graphic file (type pdf)
<use images/ocrcomp3-eps-converted-to.pdf>
Package pdftex.def Info: images/ocrcomp3-eps-converted-to.pdf  used on input li
ne 139.
(pdftex.def)             Requested size: 361.34999pt x 220.16145pt.
[63 <./images/ocrcomp3-eps-converted-to.pdf>]
Package epstopdf Info: Source file: <images/ocrcomp4.eps>
(epstopdf)                    date: 2020-07-18 14:44:08
(epstopdf)                    size: 97418 bytes
(epstopdf)             Output file: <images/ocrcomp4-eps-converted-to.pdf>
(epstopdf)                    date: 2020-07-18 14:45:12
(epstopdf)                    size: 29336 bytes
(epstopdf)             Command: <epstopdf --outfile=images/ocrcomp4-eps-convert
ed-to.pdf images/ocrcomp4.eps>
(epstopdf)             \includegraphics on input line 188.
Package epstopdf Info: Output file is already uptodate.


pdfTeX warning: pdflatex (file ./images/ocrcomp4-eps-converted-to.pdf): PDF inc
lusion: found PDF version <1.7>, but at most version <1.5> allowed
<images/ocrcomp4-eps-converted-to.pdf, id=1476, 474.77374pt x 295.1025pt>
File: images/ocrcomp4-eps-converted-to.pdf Graphic file (type pdf)
<use images/ocrcomp4-eps-converted-to.pdf>
Package pdftex.def Info: images/ocrcomp4-eps-converted-to.pdf  used on input li
ne 188.
(pdftex.def)             Requested size: 361.34999pt x 224.60892pt.
[64]
Underfull \hbox (badness 10000) in paragraph at lines 196--198

 []

[65 <./images/ocrcomp4-eps-converted-to.pdf>]
Package epstopdf Info: Source file: <images/ocrcomp5.eps>
(epstopdf)                    date: 2020-07-28 16:39:25
(epstopdf)                    size: 143244 bytes
(epstopdf)             Output file: <images/ocrcomp5-eps-converted-to.pdf>
(epstopdf)                    date: 2020-07-28 16:39:52
(epstopdf)                    size: 53467 bytes
(epstopdf)             Command: <epstopdf --outfile=images/ocrcomp5-eps-convert
ed-to.pdf images/ocrcomp5.eps>
(epstopdf)             \includegraphics on input line 224.
Package epstopdf Info: Output file is already uptodate.


pdfTeX warning: pdflatex (file ./images/ocrcomp5-eps-converted-to.pdf): PDF inc
lusion: found PDF version <1.7>, but at most version <1.5> allowed
<images/ocrcomp5-eps-converted-to.pdf, id=1501, 361.35pt x 222.8325pt>
File: images/ocrcomp5-eps-converted-to.pdf Graphic file (type pdf)
<use images/ocrcomp5-eps-converted-to.pdf>
Package pdftex.def Info: images/ocrcomp5-eps-converted-to.pdf  used on input li
ne 224.
(pdftex.def)             Requested size: 361.34999pt x 222.83534pt.
) [66 <./images/ocrcomp5-eps-converted-to.pdf>] (chapters/6_conclusion.tex
Chapter 6.
[67

] [68]) [69] (main.bbl [1

]pdfTeX warning (ext4): destination with the same identifier (name{page.}) has 
been already used, duplicate ignored
<to be read again> 
                   \relax 
l.105 
       [2]
Underfull \hbox (badness 2368) in paragraph at lines 138--143
[]\OT1/cmr/m/n/12 Hinton, G. E., Srivast-ava, N., Kr-izhevsky, A., Sut-skever, 
I., and
 []

pdfTeX warning (ext4): destination with the same identifier (name{page.}) has b
een already used, duplicate ignored
<to be read again> 
                   \relax 
l.163 ...Impedovo, 2012]{impedovo2012fundamentals}
                                                   [3]pdfTeX warning (ext4): de
stination with the same identifier (name{page.}) has been already used, duplica
te ignored
<to be read again> 
                   \relax 
l.223 
       [4]
Underfull \hbox (badness 1320) in paragraph at lines 262--267
\OT1/cmr/m/n/12 ment-a-tion.  []$\OT1/cmtt/m/n/12 https : / / towardsdatascienc
e . com / introduction -[] to -[] u -[]
 []

pdfTeX warning (ext4): destination with the same identifier (name{page.}) has b
een already used, duplicate ignored
<to be read again> 
                   \relax 
l.273 \bibitem[Moutarde, 2018]{cnneqn}
                                       [5]
Underfull \hbox (badness 10000) in paragraph at lines 274--279
\OT1/cmtt/m/n/12 paristech . fr / fabien . moutarde / ES _ MachineLearning / TP
 _ convNets /
 []


Underfull \hbox (badness 2073) in paragraph at lines 281--286
[]\OT1/cmr/m/n/12 MSRA-TD500 (2012).  MSRA-Text De-tec-tion 500 data-set.  []$\
OT1/cmtt/m/n/12 http :
 []


Underfull \hbox (badness 10000) in paragraph at lines 281--286
\OT1/cmtt/m/n/12 / / www . iapr -[] tc11 . org / mediawiki / index . php / MSRA
 _ Text _ Detection _
 []

pdfTeX warning (ext4): destination with the same identifier (name{page.}) has b
een already used, duplicate ignored
<to be read again> 
                   \relax 
l.329 
       [6]
Underfull \hbox (badness 7012) in paragraph at lines 331--336
[]\OT1/cmr/m/n/12 Roy, R. (2020).  AI, ML, and DL: How not to get them
 []


Underfull \hbox (badness 4193) in paragraph at lines 331--336
\OT1/cmr/m/n/12 mixed!  []$\OT1/cmtt/m/n/12 https : / / towardsdatascience . co
m / understanding -[] the -[]
 []


Underfull \hbox (badness 1558) in paragraph at lines 344--350
[]\OT1/cmr/m/n/12 Saha, S. (2018).  A Com-pre-hens-ive Guide to Con-vo-lu-tiona
l Neural
 []


Underfull \hbox (badness 10000) in paragraph at lines 344--350
\OT1/cmtt/m/n/12 comprehensive -[] guide -[] to -[] convolutional -[] neural -[
] networks -[] the -[]
 []


Underfull \hbox (badness 10000) in paragraph at lines 359--365
\OT1/cmtt/m/n/12 networks -[] basics -[] introduction -[] to -[] neural -[] net
works -[] 3082f1dcca8c$[]\OT1/cmr/m/n/12 .
 []

pdfTeX warning (ext4): destination with the same identifier (name{page.}) has b
een already used, duplicate ignored
<to be read again> 
                   \relax 
l.382 
       [7]
Underfull \hbox (badness 2680) in paragraph at lines 420--425
[]\OT1/cmr/m/n/12 Vallecorsa, S. (2017).  De-tector Sim-u-la-tion and Ma-chine 
Learn-ing
 []


Underfull \hbox (badness 10000) in paragraph at lines 427--433
\OT1/cmtt/m/n/12 learning -[] computer -[] vision -[] and -[] convolutional -[]
 neural -[] networks/$[]\OT1/cmr/m/n/12 .
 []

pdfTeX warning (ext4): destination with the same identifier (name{page.}) has b
een already used, duplicate ignored
<to be read again> 
                   \relax 
l.439 
       [8]pdfTeX warning (ext4): destination with the same identifier (name{pag
e.}) has been already used, duplicate ignored
<to be read again> 
                   \relax 
l.489 
       [9])pdfTeX warning (ext4): destination with the same identifier (name{pa
ge.}) has been already used, duplicate ignored
<to be read again> 
                   \relax 
l.233 \end{document}
                     [10]
Package atveryend Info: Empty hook `BeforeClearDocument' on input line 233.
Package atveryend Info: Empty hook `AfterLastShipout' on input line 233.
 (main.aux (chapters/0_abstract.aux))
Package atveryend Info: Executing hook `AtVeryEndDocument' on input line 233.
Package atveryend Info: Executing hook `AtEndAfterFileList' on input line 233.
Package rerunfilecheck Info: File `main.out' has not changed.
(rerunfilecheck)             Checksum: D41A2DB3605DA35CCDBAC623A107CCFA;4014.
Package atveryend Info: Empty hook `AtVeryVeryEnd' on input line 233.
 ) 
Here is how much of TeX's memory you used:
 35094 strings out of 480790
 641428 string characters out of 2897301
 1170051 words of memory out of 3000000
 49979 multiletter control sequences out of 15000+200000
 544948 words of font info for 71 fonts, out of 3000000 for 9000
 1141 hyphenation exceptions out of 8191
 68i,16n,83p,1915b,677s stack positions out of 5000i,500n,10000p,200000b,50000s
 <C:\Users\Kalai\AppData\Local\MiKTeX\fonts/pk/ljfour/jknappen/ec/dpi600\tcrm
1200.pk><C:/Users/Kalai/AppData/Local/Programs/MiKTeX/fonts/type1/public/amsfon
ts/cm/cmbx12.pfb><C:/Users/Kalai/AppData/Local/Programs/MiKTeX/fonts/type1/publ
ic/amsfonts/cm/cmcsc10.pfb><C:/Users/Kalai/AppData/Local/Programs/MiKTeX/fonts/
type1/public/amsfonts/cm/cmex10.pfb><C:/Users/Kalai/AppData/Local/Programs/MiKT
eX/fonts/type1/public/amsfonts/cm/cmmi12.pfb><C:/Users/Kalai/AppData/Local/Prog
rams/MiKTeX/fonts/type1/public/amsfonts/cm/cmmi6.pfb><C:/Users/Kalai/AppData/Lo
cal/Programs/MiKTeX/fonts/type1/public/amsfonts/cm/cmmi8.pfb><C:/Users/Kalai/Ap
pData/Local/Programs/MiKTeX/fonts/type1/public/amsfonts/cm/cmr10.pfb><C:/Users/
Kalai/AppData/Local/Programs/MiKTeX/fonts/type1/public/amsfonts/cm/cmr12.pfb><C
:/Users/Kalai/AppData/Local/Programs/MiKTeX/fonts/type1/public/amsfonts/cm/cmr6
.pfb><C:/Users/Kalai/AppData/Local/Programs/MiKTeX/fonts/type1/public/amsfonts/
cm/cmr8.pfb><C:/Users/Kalai/AppData/Local/Programs/MiKTeX/fonts/type1/public/am
sfonts/cm/cmsy10.pfb><C:/Users/Kalai/AppData/Local/Programs/MiKTeX/fonts/type1/
public/amsfonts/cm/cmsy8.pfb><C:/Users/Kalai/AppData/Local/Programs/MiKTeX/font
s/type1/public/amsfonts/cm/cmti12.pfb><C:/Users/Kalai/AppData/Local/Programs/Mi
KTeX/fonts/type1/public/amsfonts/cm/cmtt12.pfb><C:/Users/Kalai/AppData/Local/Pr
ograms/MiKTeX/fonts/type1/public/amsfonts/symbols/msbm10.pfb>
Output written on main.pdf (90 pages, 5319062 bytes).
PDF statistics:
 1729 PDF objects out of 2073 (max. 8388607)
 358 named destinations out of 1000 (max. 500000)
 896 words of extra memory for PDF output out of 10000 (max. 10000000)

