\BOOKMARK [0][-]{chapter*.2}{List of Figures}{}% 1
\BOOKMARK [0][-]{chapter*.3}{List of Tables}{}% 2
\BOOKMARK [0][-]{section*.4}{List of Abbreviations}{}% 3
\BOOKMARK [0][-]{chapter.1}{Introduction}{}% 4
\BOOKMARK [1][-]{section.1.1}{Background}{chapter.1}% 5
\BOOKMARK [1][-]{section.1.2}{Aim}{chapter.1}% 6
\BOOKMARK [1][-]{section.1.3}{Research questions}{chapter.1}% 7
\BOOKMARK [1][-]{section.1.4}{Contributions}{chapter.1}% 8
\BOOKMARK [1][-]{section.1.5}{Thesis outline}{chapter.1}% 9
\BOOKMARK [0][-]{chapter.2}{Theory and related work}{}% 10
\BOOKMARK [1][-]{section.2.1}{Introduction to deep learning}{chapter.2}% 11
\BOOKMARK [2][-]{subsection.2.1.1}{Neural networks}{section.2.1}% 12
\BOOKMARK [2][-]{subsection.2.1.2}{Loss function and optimizer}{section.2.1}% 13
\BOOKMARK [2][-]{subsection.2.1.3}{Backpropagation}{section.2.1}% 14
\BOOKMARK [2][-]{subsection.2.1.4}{Hyperparameters}{section.2.1}% 15
\BOOKMARK [1][-]{section.2.2}{Convolution Neural Networks}{chapter.2}% 16
\BOOKMARK [1][-]{section.2.3}{Generative Adversarial Networks}{chapter.2}% 17
\BOOKMARK [1][-]{section.2.4}{Conditional GANs}{chapter.2}% 18
\BOOKMARK [1][-]{section.2.5}{OCR}{chapter.2}% 19
\BOOKMARK [1][-]{section.2.6}{Related works}{chapter.2}% 20
\BOOKMARK [2][-]{subsection.2.6.1}{General OCR}{section.2.6}% 21
\BOOKMARK [2][-]{subsection.2.6.2}{OCR for steel type plates}{section.2.6}% 22
\BOOKMARK [2][-]{subsection.2.6.3}{GANs in OCR}{section.2.6}% 23
\BOOKMARK [0][-]{chapter.3}{Methodology}{}% 24
\BOOKMARK [1][-]{section.3.1}{Pix2pix GAN}{chapter.3}% 25
\BOOKMARK [2][-]{subsection.3.1.1}{Architecture}{section.3.1}% 26
\BOOKMARK [2][-]{subsection.3.1.2}{Loss function}{section.3.1}% 27
\BOOKMARK [1][-]{section.3.2}{CycleGAN}{chapter.3}% 28
\BOOKMARK [2][-]{subsection.3.2.1}{Architecture}{section.3.2}% 29
\BOOKMARK [2][-]{subsection.3.2.2}{Loss function}{section.3.2}% 30
\BOOKMARK [1][-]{section.3.3}{FactorGAN}{chapter.3}% 31
\BOOKMARK [2][-]{subsection.3.3.1}{Architecture}{section.3.3}% 32
\BOOKMARK [2][-]{subsection.3.3.2}{Objective function}{section.3.3}% 33
\BOOKMARK [1][-]{section.3.4}{Comparison of image-to-image translation GANs under study}{chapter.3}% 34
\BOOKMARK [1][-]{section.3.5}{OCR - Text detection}{chapter.3}% 35
\BOOKMARK [1][-]{section.3.6}{OCR - Text recognition}{chapter.3}% 36
\BOOKMARK [1][-]{section.3.7}{Google Vision OCR}{chapter.3}% 37
\BOOKMARK [1][-]{section.3.8}{The overall framework}{chapter.3}% 38
\BOOKMARK [0][-]{chapter.4}{Experiment}{}% 39
\BOOKMARK [1][-]{section.4.1}{Implementation}{chapter.4}% 40
\BOOKMARK [1][-]{section.4.2}{Experimental setup}{chapter.4}% 41
\BOOKMARK [1][-]{section.4.3}{Dataset}{chapter.4}% 42
\BOOKMARK [2][-]{subsection.4.3.1}{Data collection}{section.4.3}% 43
\BOOKMARK [2][-]{subsection.4.3.2}{Label creation}{section.4.3}% 44
\BOOKMARK [2][-]{subsection.4.3.3}{Synthetic dataset}{section.4.3}% 45
\BOOKMARK [1][-]{section.4.4}{Evaluation metrics}{chapter.4}% 46
\BOOKMARK [2][-]{subsection.4.4.1}{Quantitative evaluation}{section.4.4}% 47
\BOOKMARK [2][-]{subsection.4.4.2}{Qualitative evaluation}{section.4.4}% 48
\BOOKMARK [2][-]{subsection.4.4.3}{Evaluation of OCR}{section.4.4}% 49
\BOOKMARK [0][-]{chapter.5}{Results \046 Discussion}{}% 50
\BOOKMARK [1][-]{section.5.1}{Results of GAN}{chapter.5}% 51
\BOOKMARK [2][-]{subsection.5.1.1}{Quantitative results}{section.5.1}% 52
\BOOKMARK [2][-]{subsection.5.1.2}{Qualitative results}{section.5.1}% 53
\BOOKMARK [1][-]{section.5.2}{Results of OCR}{chapter.5}% 54
\BOOKMARK [2][-]{subsection.5.2.1}{Evaluation using Google Vision OCR}{section.5.2}% 55
\BOOKMARK [2][-]{subsection.5.2.2}{Evaluation using the proposed OCR}{section.5.2}% 56
\BOOKMARK [2][-]{subsection.5.2.3}{Comparison of OCR engines}{section.5.2}% 57
\BOOKMARK [0][-]{chapter.6}{Conclusion}{}% 58
\BOOKMARK [1][-]{section.6.1}{Summary}{chapter.6}% 59
\BOOKMARK [1][-]{section.6.2}{Limitations}{chapter.6}% 60
\BOOKMARK [1][-]{section.6.3}{Future works}{chapter.6}% 61
\BOOKMARK [0][-]{chapter*.74}{Bibliography}{}% 62
